<?xml version="1.0"?>
<!DOCTYPE coverage SYSTEM "http://cobertura.sourceforge.net/xml/coverage-04.dtd">

<coverage line-rate="0.5704225352112676" branch-rate="0.453125" lines-covered="81" lines-valid="142" branches-covered="29" branches-valid="64" complexity="2.5" version="2.0.3" timestamp="1652225823001">
	<sources>
		<source>src/main/java</source>
	</sources>
	<packages>
		<package name="org.joda.time.format" line-rate="0.5704225352112676" branch-rate="0.453125" complexity="2.5">
			<classes>
				<class name="org.joda.time.format.DateTimeParserBucket" filename="org/joda/time/format/DateTimeParserBucket.java" line-rate="0.5728155339805825" branch-rate="0.46296296296296297" complexity="2.5">
					<methods>
						<method name="&lt;init&gt;" signature="(JLorg/joda/time/Chronology;Ljava/util/Locale;)V" line-rate="0.0" branch-rate="1.0">
							<lines>
								<line number="87" hits="0" branch="false"/>
								<line number="88" hits="0" branch="false"/>
							</lines>
						</method>
						<method name="&lt;init&gt;" signature="(JLorg/joda/time/Chronology;Ljava/util/Locale;Ljava/lang/Integer;)V" line-rate="0.0" branch-rate="1.0">
							<lines>
								<line number="103" hits="0" branch="false"/>
								<line number="104" hits="0" branch="false"/>
							</lines>
						</method>
						<method name="&lt;init&gt;" signature="(JLorg/joda/time/Chronology;Ljava/util/Locale;Ljava/lang/Integer;I)V" line-rate="1.0" branch-rate="0.5">
							<lines>
								<line number="71" hits="2" branch="false"/>
								<line number="118" hits="2" branch="false"/>
								<line number="119" hits="2" branch="false"/>
								<line number="120" hits="2" branch="false"/>
								<line number="121" hits="2" branch="false"/>
								<line number="122" hits="2" branch="true" condition-coverage="50% (1/2)">
									<conditions>
										<condition number="0" type="jump" coverage="50%"/>
									</conditions>
								</line>
								<line number="123" hits="2" branch="false"/>
								<line number="124" hits="2" branch="false"/>
								<line number="125" hits="2" branch="false"/>
								<line number="126" hits="2" branch="false"/>
							</lines>
						</method>
						<method name="access$000" signature="(Lorg/joda/time/format/DateTimeParserBucket;)Lorg/joda/time/DateTimeZone;" line-rate="1.0" branch-rate="1.0">
							<lines>
							</lines>
						</method>
						<method name="access$002" signature="(Lorg/joda/time/format/DateTimeParserBucket;Lorg/joda/time/DateTimeZone;)Lorg/joda/time/DateTimeZone;" line-rate="1.0" branch-rate="1.0">
							<lines>
							</lines>
						</method>
						<method name="access$100" signature="(Lorg/joda/time/format/DateTimeParserBucket;)I" line-rate="1.0" branch-rate="1.0">
							<lines>
							</lines>
						</method>
						<method name="access$102" signature="(Lorg/joda/time/format/DateTimeParserBucket;I)I" line-rate="1.0" branch-rate="1.0">
							<lines>
							</lines>
						</method>
						<method name="access$200" signature="(Lorg/joda/time/format/DateTimeParserBucket;)[Lorg/joda/time/format/DateTimeParserBucket$SavedField;" line-rate="1.0" branch-rate="1.0">
							<lines>
							</lines>
						</method>
						<method name="access$202" signature="(Lorg/joda/time/format/DateTimeParserBucket;[Lorg/joda/time/format/DateTimeParserBucket$SavedField;)[Lorg/joda/time/format/DateTimeParserBucket$SavedField;" line-rate="1.0" branch-rate="1.0">
							<lines>
							</lines>
						</method>
						<method name="access$300" signature="(Lorg/joda/time/format/DateTimeParserBucket;)I" line-rate="1.0" branch-rate="1.0">
							<lines>
							</lines>
						</method>
						<method name="access$302" signature="(Lorg/joda/time/format/DateTimeParserBucket;I)I" line-rate="0.0" branch-rate="1.0">
							<lines>
								<line number="55" hits="0" branch="false"/>
							</lines>
						</method>
						<method name="access$402" signature="(Lorg/joda/time/format/DateTimeParserBucket;Z)Z" line-rate="1.0" branch-rate="1.0">
							<lines>
							</lines>
						</method>
						<method name="compareReverse" signature="(Lorg/joda/time/DurationField;Lorg/joda/time/DurationField;)I" line-rate="0.8571428571428571" branch-rate="0.6666666666666666">
							<lines>
								<line number="494" hits="18" branch="true" condition-coverage="75% (3/4)">
									<conditions>
										<condition number="0" type="jump" coverage="100%"/>
										<condition number="1" type="jump" coverage="50%"/>
									</conditions>
								</line>
								<line number="495" hits="2" branch="true" condition-coverage="50% (2/4)">
									<conditions>
										<condition number="0" type="jump" coverage="50%"/>
										<condition number="1" type="jump" coverage="50%"/>
									</conditions>
								</line>
								<line number="496" hits="0" branch="false"/>
								<line number="498" hits="2" branch="false"/>
								<line number="500" hits="16" branch="true" condition-coverage="75% (3/4)">
									<conditions>
										<condition number="0" type="jump" coverage="100%"/>
										<condition number="1" type="jump" coverage="50%"/>
									</conditions>
								</line>
								<line number="501" hits="2" branch="false"/>
								<line number="503" hits="14" branch="false"/>
							</lines>
						</method>
						<method name="computeMillis" signature="()J" line-rate="0.0" branch-rate="1.0">
							<lines>
								<line number="306" hits="0" branch="false"/>
							</lines>
						</method>
						<method name="computeMillis" signature="(Z)J" line-rate="0.0" branch-rate="1.0">
							<lines>
								<line number="318" hits="0" branch="false"/>
							</lines>
						</method>
						<method name="computeMillis" signature="(ZLjava/lang/String;)J" line-rate="0.5161290322580645" branch-rate="0.3333333333333333">
							<lines>
								<line number="332" hits="2" branch="false"/>
								<line number="333" hits="2" branch="false"/>
								<line number="334" hits="2" branch="true" condition-coverage="50% (1/2)">
									<conditions>
										<condition number="0" type="jump" coverage="50%"/>
									</conditions>
								</line>
								<line number="335" hits="0" branch="false"/>
								<line number="336" hits="0" branch="false"/>
								<line number="338" hits="2" branch="false"/>
								<line number="339" hits="2" branch="true" condition-coverage="50% (1/2)">
									<conditions>
										<condition number="0" type="jump" coverage="50%"/>
									</conditions>
								</line>
								<line number="341" hits="2" branch="false"/>
								<line number="342" hits="2" branch="false"/>
								<line number="343" hits="2" branch="false"/>
								<line number="344" hits="2" branch="true" condition-coverage="25% (1/4)">
									<conditions>
										<condition number="0" type="jump" coverage="50%"/>
										<condition number="1" type="jump" coverage="0%"/>
									</conditions>
								</line>
								<line number="345" hits="0" branch="false"/>
								<line number="346" hits="0" branch="false"/>
								<line number="350" hits="2" branch="false"/>
								<line number="352" hits="16" branch="true" condition-coverage="100% (2/2)">
									<conditions>
										<condition number="0" type="jump" coverage="100%"/>
									</conditions>
								</line>
								<line number="353" hits="14" branch="false"/>
								<line number="355" hits="0" branch="false"/>
								<line number="356" hits="0" branch="true" condition-coverage="0% (0/2)">
									<conditions>
										<condition number="0" type="jump" coverage="0%"/>
									</conditions>
								</line>
								<line number="357" hits="0" branch="false"/>
								<line number="359" hits="0" branch="false"/>
								<line number="360" hits="2" branch="false"/>
								<line number="362" hits="2" branch="true" condition-coverage="50% (1/2)">
									<conditions>
										<condition number="0" type="jump" coverage="50%"/>
									</conditions>
								</line>
								<line number="363" hits="2" branch="false"/>
								<line number="365" hits="0" branch="false"/>
								<line number="366" hits="0" branch="false"/>
								<line number="367" hits="0" branch="true" condition-coverage="0% (0/2)">
									<conditions>
										<condition number="0" type="jump" coverage="0%"/>
									</conditions>
								</line>
								<line number="368" hits="0" branch="false"/>
								<line number="370" hits="0" branch="true" condition-coverage="0% (0/2)">
									<conditions>
										<condition number="0" type="jump" coverage="0%"/>
									</conditions>
								</line>
								<line number="371" hits="0" branch="false"/>
								<line number="373" hits="0" branch="false"/>
								<line number="377" hits="2" branch="false"/>
							</lines>
						</method>
						<method name="getChronology" signature="()Lorg/joda/time/Chronology;" line-rate="0.0" branch-rate="1.0">
							<lines>
								<line number="133" hits="0" branch="false"/>
							</lines>
						</method>
						<method name="getLocale" signature="()Ljava/util/Locale;" line-rate="1.0" branch-rate="1.0">
							<lines>
								<line number="143" hits="2" branch="false"/>
							</lines>
						</method>
						<method name="getOffset" signature="()I" line-rate="0.0" branch-rate="1.0">
							<lines>
								<line number="173" hits="0" branch="false"/>
							</lines>
						</method>
						<method name="getPivotYear" signature="()Ljava/lang/Integer;" line-rate="0.0" branch-rate="1.0">
							<lines>
								<line number="200" hits="0" branch="false"/>
							</lines>
						</method>
						<method name="getZone" signature="()Lorg/joda/time/DateTimeZone;" line-rate="0.0" branch-rate="1.0">
							<lines>
								<line number="152" hits="0" branch="false"/>
							</lines>
						</method>
						<method name="restoreState" signature="(Ljava/lang/Object;)Z" line-rate="0.0" branch-rate="0.0">
							<lines>
								<line number="289" hits="0" branch="true" condition-coverage="0% (0/2)">
									<conditions>
										<condition number="0" type="jump" coverage="0%"/>
									</conditions>
								</line>
								<line number="290" hits="0" branch="true" condition-coverage="0% (0/2)">
									<conditions>
										<condition number="0" type="jump" coverage="0%"/>
									</conditions>
								</line>
								<line number="291" hits="0" branch="false"/>
								<line number="292" hits="0" branch="false"/>
								<line number="295" hits="0" branch="false"/>
							</lines>
						</method>
						<method name="saveField" signature="(Lorg/joda/time/DateTimeField;I)V" line-rate="0.0" branch-rate="1.0">
							<lines>
								<line number="224" hits="0" branch="false"/>
								<line number="225" hits="0" branch="false"/>
							</lines>
						</method>
						<method name="saveField" signature="(Lorg/joda/time/DateTimeFieldType;I)V" line-rate="1.0" branch-rate="1.0">
							<lines>
								<line number="234" hits="12" branch="false"/>
								<line number="235" hits="12" branch="false"/>
							</lines>
						</method>
						<method name="saveField" signature="(Lorg/joda/time/DateTimeFieldType;Ljava/lang/String;Ljava/util/Locale;)V" line-rate="1.0" branch-rate="1.0">
							<lines>
								<line number="245" hits="2" branch="false"/>
								<line number="246" hits="2" branch="false"/>
							</lines>
						</method>
						<method name="saveField" signature="(Lorg/joda/time/format/DateTimeParserBucket$SavedField;)V" line-rate="0.6363636363636364" branch-rate="0.3333333333333333">
							<lines>
								<line number="249" hits="14" branch="false"/>
								<line number="250" hits="14" branch="false"/>
								<line number="252" hits="14" branch="true" condition-coverage="50% (2/4)">
									<conditions>
										<condition number="0" type="jump" coverage="50%"/>
										<condition number="1" type="jump" coverage="50%"/>
									</conditions>
								</line>
								<line number="254" hits="0" branch="true" condition-coverage="0% (0/2)">
									<conditions>
										<condition number="0" type="jump" coverage="0%"/>
									</conditions>
								</line>
								<line number="256" hits="0" branch="false"/>
								<line number="257" hits="0" branch="false"/>
								<line number="258" hits="0" branch="false"/>
								<line number="261" hits="14" branch="false"/>
								<line number="262" hits="14" branch="false"/>
								<line number="263" hits="14" branch="false"/>
								<line number="264" hits="14" branch="false"/>
							</lines>
						</method>
						<method name="saveState" signature="()Ljava/lang/Object;" line-rate="0.0" branch-rate="0.0">
							<lines>
								<line number="274" hits="0" branch="true" condition-coverage="0% (0/2)">
									<conditions>
										<condition number="0" type="jump" coverage="0%"/>
									</conditions>
								</line>
								<line number="275" hits="0" branch="false"/>
								<line number="277" hits="0" branch="false"/>
							</lines>
						</method>
						<method name="setOffset" signature="(I)V" line-rate="1.0" branch-rate="1.0">
							<lines>
								<line number="181" hits="2" branch="false"/>
								<line number="182" hits="2" branch="false"/>
								<line number="183" hits="2" branch="false"/>
								<line number="184" hits="2" branch="false"/>
							</lines>
						</method>
						<method name="setPivotYear" signature="(Ljava/lang/Integer;)V" line-rate="0.0" branch-rate="1.0">
							<lines>
								<line number="213" hits="0" branch="false"/>
								<line number="214" hits="0" branch="false"/>
							</lines>
						</method>
						<method name="setZone" signature="(Lorg/joda/time/DateTimeZone;)V" line-rate="1.0" branch-rate="0.5">
							<lines>
								<line number="162" hits="2" branch="false"/>
								<line number="163" hits="2" branch="true" condition-coverage="50% (1/2)">
									<conditions>
										<condition number="0" type="jump" coverage="50%"/>
									</conditions>
								</line>
								<line number="164" hits="2" branch="false"/>
								<line number="165" hits="2" branch="false"/>
							</lines>
						</method>
						<method name="sort" signature="([Lorg/joda/time/format/DateTimeParserBucket$SavedField;I)V" line-rate="0.875" branch-rate="0.875">
							<lines>
								<line number="399" hits="2" branch="true" condition-coverage="50% (1/2)">
									<conditions>
										<condition number="0" type="jump" coverage="50%"/>
									</conditions>
								</line>
								<line number="400" hits="0" branch="false"/>
								<line number="402" hits="16" branch="true" condition-coverage="100% (2/2)">
									<conditions>
										<condition number="0" type="jump" coverage="100%"/>
									</conditions>
								</line>
								<line number="403" hits="20" branch="true" condition-coverage="100% (4/4)">
									<conditions>
										<condition number="0" type="jump" coverage="100%"/>
										<condition number="1" type="jump" coverage="100%"/>
									</conditions>
								</line>
								<line number="404" hits="6" branch="false"/>
								<line number="405" hits="6" branch="false"/>
								<line number="406" hits="6" branch="false"/>
								<line number="410" hits="2" branch="false"/>
							</lines>
						</method>
					</methods>
					<lines>
						<line number="55" hits="0" branch="false"/>
						<line number="71" hits="2" branch="false"/>
						<line number="87" hits="0" branch="false"/>
						<line number="88" hits="0" branch="false"/>
						<line number="103" hits="0" branch="false"/>
						<line number="104" hits="0" branch="false"/>
						<line number="118" hits="2" branch="false"/>
						<line number="119" hits="2" branch="false"/>
						<line number="120" hits="2" branch="false"/>
						<line number="121" hits="2" branch="false"/>
						<line number="122" hits="2" branch="true" condition-coverage="50% (1/2)">
							<conditions>
								<condition number="0" type="jump" coverage="50%"/>
							</conditions>
						</line>
						<line number="123" hits="2" branch="false"/>
						<line number="124" hits="2" branch="false"/>
						<line number="125" hits="2" branch="false"/>
						<line number="126" hits="2" branch="false"/>
						<line number="133" hits="0" branch="false"/>
						<line number="143" hits="2" branch="false"/>
						<line number="152" hits="0" branch="false"/>
						<line number="162" hits="2" branch="false"/>
						<line number="163" hits="2" branch="true" condition-coverage="50% (1/2)">
							<conditions>
								<condition number="0" type="jump" coverage="50%"/>
							</conditions>
						</line>
						<line number="164" hits="2" branch="false"/>
						<line number="165" hits="2" branch="false"/>
						<line number="173" hits="0" branch="false"/>
						<line number="181" hits="2" branch="false"/>
						<line number="182" hits="2" branch="false"/>
						<line number="183" hits="2" branch="false"/>
						<line number="184" hits="2" branch="false"/>
						<line number="200" hits="0" branch="false"/>
						<line number="213" hits="0" branch="false"/>
						<line number="214" hits="0" branch="false"/>
						<line number="224" hits="0" branch="false"/>
						<line number="225" hits="0" branch="false"/>
						<line number="234" hits="12" branch="false"/>
						<line number="235" hits="12" branch="false"/>
						<line number="245" hits="2" branch="false"/>
						<line number="246" hits="2" branch="false"/>
						<line number="249" hits="14" branch="false"/>
						<line number="250" hits="14" branch="false"/>
						<line number="252" hits="14" branch="true" condition-coverage="50% (2/4)">
							<conditions>
								<condition number="0" type="jump" coverage="50%"/>
								<condition number="1" type="jump" coverage="50%"/>
							</conditions>
						</line>
						<line number="254" hits="0" branch="true" condition-coverage="0% (0/2)">
							<conditions>
								<condition number="0" type="jump" coverage="0%"/>
							</conditions>
						</line>
						<line number="256" hits="0" branch="false"/>
						<line number="257" hits="0" branch="false"/>
						<line number="258" hits="0" branch="false"/>
						<line number="261" hits="14" branch="false"/>
						<line number="262" hits="14" branch="false"/>
						<line number="263" hits="14" branch="false"/>
						<line number="264" hits="14" branch="false"/>
						<line number="274" hits="0" branch="true" condition-coverage="0% (0/2)">
							<conditions>
								<condition number="0" type="jump" coverage="0%"/>
							</conditions>
						</line>
						<line number="275" hits="0" branch="false"/>
						<line number="277" hits="0" branch="false"/>
						<line number="289" hits="0" branch="true" condition-coverage="0% (0/2)">
							<conditions>
								<condition number="0" type="jump" coverage="0%"/>
							</conditions>
						</line>
						<line number="290" hits="0" branch="true" condition-coverage="0% (0/2)">
							<conditions>
								<condition number="0" type="jump" coverage="0%"/>
							</conditions>
						</line>
						<line number="291" hits="0" branch="false"/>
						<line number="292" hits="0" branch="false"/>
						<line number="295" hits="0" branch="false"/>
						<line number="306" hits="0" branch="false"/>
						<line number="318" hits="0" branch="false"/>
						<line number="332" hits="2" branch="false"/>
						<line number="333" hits="2" branch="false"/>
						<line number="334" hits="2" branch="true" condition-coverage="50% (1/2)">
							<conditions>
								<condition number="0" type="jump" coverage="50%"/>
							</conditions>
						</line>
						<line number="335" hits="0" branch="false"/>
						<line number="336" hits="0" branch="false"/>
						<line number="338" hits="2" branch="false"/>
						<line number="339" hits="2" branch="true" condition-coverage="50% (1/2)">
							<conditions>
								<condition number="0" type="jump" coverage="50%"/>
							</conditions>
						</line>
						<line number="341" hits="2" branch="false"/>
						<line number="342" hits="2" branch="false"/>
						<line number="343" hits="2" branch="false"/>
						<line number="344" hits="2" branch="true" condition-coverage="25% (1/4)">
							<conditions>
								<condition number="0" type="jump" coverage="50%"/>
								<condition number="1" type="jump" coverage="0%"/>
							</conditions>
						</line>
						<line number="345" hits="0" branch="false"/>
						<line number="346" hits="0" branch="false"/>
						<line number="350" hits="2" branch="false"/>
						<line number="352" hits="16" branch="true" condition-coverage="100% (2/2)">
							<conditions>
								<condition number="0" type="jump" coverage="100%"/>
							</conditions>
						</line>
						<line number="353" hits="14" branch="false"/>
						<line number="355" hits="0" branch="false"/>
						<line number="356" hits="0" branch="true" condition-coverage="0% (0/2)">
							<conditions>
								<condition number="0" type="jump" coverage="0%"/>
							</conditions>
						</line>
						<line number="357" hits="0" branch="false"/>
						<line number="359" hits="0" branch="false"/>
						<line number="360" hits="2" branch="false"/>
						<line number="362" hits="2" branch="true" condition-coverage="50% (1/2)">
							<conditions>
								<condition number="0" type="jump" coverage="50%"/>
							</conditions>
						</line>
						<line number="363" hits="2" branch="false"/>
						<line number="365" hits="0" branch="false"/>
						<line number="366" hits="0" branch="false"/>
						<line number="367" hits="0" branch="true" condition-coverage="0% (0/2)">
							<conditions>
								<condition number="0" type="jump" coverage="0%"/>
							</conditions>
						</line>
						<line number="368" hits="0" branch="false"/>
						<line number="370" hits="0" branch="true" condition-coverage="0% (0/2)">
							<conditions>
								<condition number="0" type="jump" coverage="0%"/>
							</conditions>
						</line>
						<line number="371" hits="0" branch="false"/>
						<line number="373" hits="0" branch="false"/>
						<line number="377" hits="2" branch="false"/>
						<line number="399" hits="2" branch="true" condition-coverage="50% (1/2)">
							<conditions>
								<condition number="0" type="jump" coverage="50%"/>
							</conditions>
						</line>
						<line number="400" hits="0" branch="false"/>
						<line number="402" hits="16" branch="true" condition-coverage="100% (2/2)">
							<conditions>
								<condition number="0" type="jump" coverage="100%"/>
							</conditions>
						</line>
						<line number="403" hits="20" branch="true" condition-coverage="100% (4/4)">
							<conditions>
								<condition number="0" type="jump" coverage="100%"/>
								<condition number="1" type="jump" coverage="100%"/>
							</conditions>
						</line>
						<line number="404" hits="6" branch="false"/>
						<line number="405" hits="6" branch="false"/>
						<line number="406" hits="6" branch="false"/>
						<line number="410" hits="2" branch="false"/>
						<line number="494" hits="18" branch="true" condition-coverage="75% (3/4)">
							<conditions>
								<condition number="0" type="jump" coverage="100%"/>
								<condition number="1" type="jump" coverage="50%"/>
							</conditions>
						</line>
						<line number="495" hits="2" branch="true" condition-coverage="50% (2/4)">
							<conditions>
								<condition number="0" type="jump" coverage="50%"/>
								<condition number="1" type="jump" coverage="50%"/>
							</conditions>
						</line>
						<line number="496" hits="0" branch="false"/>
						<line number="498" hits="2" branch="false"/>
						<line number="500" hits="16" branch="true" condition-coverage="75% (3/4)">
							<conditions>
								<condition number="0" type="jump" coverage="100%"/>
								<condition number="1" type="jump" coverage="50%"/>
							</conditions>
						</line>
						<line number="501" hits="2" branch="false"/>
						<line number="503" hits="14" branch="false"/>
					</lines>
				</class>
				<class name="org.joda.time.format.DateTimeParserBucket$SavedField" filename="org/joda/time/format/DateTimeParserBucket.java" line-rate="0.9166666666666666" branch-rate="0.6666666666666666" complexity="2.5">
					<methods>
						<method name="&lt;init&gt;" signature="(Lorg/joda/time/DateTimeField;I)V" line-rate="1.0" branch-rate="1.0">
							<lines>
								<line number="450" hits="12" branch="false"/>
								<line number="451" hits="12" branch="false"/>
								<line number="452" hits="12" branch="false"/>
								<line number="453" hits="12" branch="false"/>
								<line number="454" hits="12" branch="false"/>
								<line number="455" hits="12" branch="false"/>
							</lines>
						</method>
						<method name="&lt;init&gt;" signature="(Lorg/joda/time/DateTimeField;Ljava/lang/String;Ljava/util/Locale;)V" line-rate="1.0" branch-rate="1.0">
							<lines>
								<line number="457" hits="2" branch="false"/>
								<line number="458" hits="2" branch="false"/>
								<line number="459" hits="2" branch="false"/>
								<line number="460" hits="2" branch="false"/>
								<line number="461" hits="2" branch="false"/>
								<line number="462" hits="2" branch="false"/>
							</lines>
						</method>
						<method name="compareTo" signature="(Ljava/lang/Object;)I" line-rate="0.0" branch-rate="1.0">
							<lines>
								<line number="444" hits="0" branch="false"/>
							</lines>
						</method>
						<method name="compareTo" signature="(Lorg/joda/time/format/DateTimeParserBucket$SavedField;)I" line-rate="0.8" branch-rate="0.5">
							<lines>
								<line number="482" hits="16" branch="false"/>
								<line number="483" hits="16" branch="false"/>
								<line number="485" hits="16" branch="true" condition-coverage="50% (1/2)">
									<conditions>
										<condition number="0" type="jump" coverage="50%"/>
									</conditions>
								</line>
								<line number="486" hits="16" branch="false"/>
								<line number="488" hits="0" branch="false"/>
							</lines>
						</method>
						<method name="set" signature="(JZ)J" line-rate="1.0" branch-rate="0.75">
							<lines>
								<line number="465" hits="14" branch="true" condition-coverage="100% (2/2)">
									<conditions>
										<condition number="0" type="jump" coverage="100%"/>
									</conditions>
								</line>
								<line number="466" hits="12" branch="false"/>
								<line number="468" hits="2" branch="false"/>
								<line number="470" hits="14" branch="true" condition-coverage="50% (1/2)">
									<conditions>
										<condition number="0" type="jump" coverage="50%"/>
									</conditions>
								</line>
								<line number="471" hits="14" branch="false"/>
								<line number="473" hits="14" branch="false"/>
							</lines>
						</method>
					</methods>
					<lines>
						<line number="444" hits="0" branch="false"/>
						<line number="450" hits="12" branch="false"/>
						<line number="451" hits="12" branch="false"/>
						<line number="452" hits="12" branch="false"/>
						<line number="453" hits="12" branch="false"/>
						<line number="454" hits="12" branch="false"/>
						<line number="455" hits="12" branch="false"/>
						<line number="457" hits="2" branch="false"/>
						<line number="458" hits="2" branch="false"/>
						<line number="459" hits="2" branch="false"/>
						<line number="460" hits="2" branch="false"/>
						<line number="461" hits="2" branch="false"/>
						<line number="462" hits="2" branch="false"/>
						<line number="465" hits="14" branch="true" condition-coverage="100% (2/2)">
							<conditions>
								<condition number="0" type="jump" coverage="100%"/>
							</conditions>
						</line>
						<line number="466" hits="12" branch="false"/>
						<line number="468" hits="2" branch="false"/>
						<line number="470" hits="14" branch="true" condition-coverage="50% (1/2)">
							<conditions>
								<condition number="0" type="jump" coverage="50%"/>
							</conditions>
						</line>
						<line number="471" hits="14" branch="false"/>
						<line number="473" hits="14" branch="false"/>
						<line number="482" hits="16" branch="false"/>
						<line number="483" hits="16" branch="false"/>
						<line number="485" hits="16" branch="true" condition-coverage="50% (1/2)">
							<conditions>
								<condition number="0" type="jump" coverage="50%"/>
							</conditions>
						</line>
						<line number="486" hits="16" branch="false"/>
						<line number="488" hits="0" branch="false"/>
					</lines>
				</class>
				<class name="org.joda.time.format.DateTimeParserBucket$SavedState" filename="org/joda/time/format/DateTimeParserBucket.java" line-rate="0.0" branch-rate="0.0" complexity="2.5">
					<methods>
						<method name="&lt;init&gt;" signature="(Lorg/joda/time/format/DateTimeParserBucket;)V" line-rate="0.0" branch-rate="1.0">
							<lines>
								<line number="418" hits="0" branch="false"/>
								<line number="419" hits="0" branch="false"/>
								<line number="420" hits="0" branch="false"/>
								<line number="421" hits="0" branch="false"/>
								<line number="422" hits="0" branch="false"/>
								<line number="423" hits="0" branch="false"/>
							</lines>
						</method>
						<method name="restoreState" signature="(Lorg/joda/time/format/DateTimeParserBucket;)Z" line-rate="0.0" branch-rate="0.0">
							<lines>
								<line number="426" hits="0" branch="true" condition-coverage="0% (0/2)">
									<conditions>
										<condition number="0" type="jump" coverage="0%"/>
									</conditions>
								</line>
								<line number="427" hits="0" branch="false"/>
								<line number="429" hits="0" branch="false"/>
								<line number="430" hits="0" branch="false"/>
								<line number="431" hits="0" branch="false"/>
								<line number="432" hits="0" branch="true" condition-coverage="0% (0/2)">
									<conditions>
										<condition number="0" type="jump" coverage="0%"/>
									</conditions>
								</line>
								<line number="437" hits="0" branch="false"/>
								<line number="439" hits="0" branch="false"/>
								<line number="440" hits="0" branch="false"/>
							</lines>
						</method>
					</methods>
					<lines>
						<line number="418" hits="0" branch="false"/>
						<line number="419" hits="0" branch="false"/>
						<line number="420" hits="0" branch="false"/>
						<line number="421" hits="0" branch="false"/>
						<line number="422" hits="0" branch="false"/>
						<line number="423" hits="0" branch="false"/>
						<line number="426" hits="0" branch="true" condition-coverage="0% (0/2)">
							<conditions>
								<condition number="0" type="jump" coverage="0%"/>
							</conditions>
						</line>
						<line number="427" hits="0" branch="false"/>
						<line number="429" hits="0" branch="false"/>
						<line number="430" hits="0" branch="false"/>
						<line number="431" hits="0" branch="false"/>
						<line number="432" hits="0" branch="true" condition-coverage="0% (0/2)">
							<conditions>
								<condition number="0" type="jump" coverage="0%"/>
							</conditions>
						</line>
						<line number="437" hits="0" branch="false"/>
						<line number="439" hits="0" branch="false"/>
						<line number="440" hits="0" branch="false"/>
					</lines>
				</class>
			</classes>
		</package>
	</packages>
</coverage>
