<?xml version="1.0"?>
<!DOCTYPE coverage SYSTEM "http://cobertura.sourceforge.net/xml/coverage-04.dtd">

<coverage line-rate="0.288135593220339" branch-rate="0.2" lines-covered="17" lines-valid="59" branches-covered="5" branches-valid="25" complexity="4.25" version="2.0.3" timestamp="1652217564154">
	<sources>
		<source>src/main/java</source>
	</sources>
	<packages>
		<package name="com.fasterxml.jackson.databind.deser.impl" line-rate="0.288135593220339" branch-rate="0.2" complexity="4.25">
			<classes>
				<class name="com.fasterxml.jackson.databind.deser.impl.JavaUtilCollectionsDeserializers" filename="com/fasterxml/jackson/databind/deser/impl/JavaUtilCollectionsDeserializers.java" line-rate="0.53125" branch-rate="0.35714285714285715" complexity="4.25">
					<methods>
						<method name="&lt;clinit&gt;" signature="()V" line-rate="1.0" branch-rate="1.0">
							<lines>
								<line number="35" hits="1" branch="false"/>
								<line number="50" hits="1" branch="false"/>
								<line number="51" hits="1" branch="false"/>
								<line number="52" hits="1" branch="false"/>
								<line number="54" hits="1" branch="false"/>
								<line number="55" hits="1" branch="false"/>
								<line number="56" hits="1" branch="false"/>
								<line number="59" hits="1" branch="false"/>
								<line number="60" hits="1" branch="false"/>
								<line number="61" hits="1" branch="false"/>
								<line number="62" hits="1" branch="false"/>
							</lines>
						</method>
						<method name="&lt;init&gt;" signature="()V" line-rate="0.0" branch-rate="1.0">
							<lines>
								<line number="21" hits="0" branch="false"/>
								<line number="116" hits="0" branch="false"/>
							</lines>
						</method>
						<method name="converter" signature="(ILcom/fasterxml/jackson/databind/JavaType;Ljava/lang/Class;)Lcom/fasterxml/jackson/databind/deser/impl/JavaUtilCollectionsDeserializers$JavaUtilCollectionsConverter;" line-rate="0.0" branch-rate="1.0">
							<lines>
								<line number="108" hits="0" branch="false"/>
							</lines>
						</method>
						<method name="findForCollection" signature="(Lcom/fasterxml/jackson/databind/DeserializationContext;Lcom/fasterxml/jackson/databind/JavaType;)Lcom/fasterxml/jackson/databind/JsonDeserializer;" line-rate="0.5" branch-rate="0.5">
							<lines>
								<line number="71" hits="1" branch="true" condition-coverage="50% (1/2)">
									<conditions>
										<condition number="0" type="jump" coverage="50%"/>
									</conditions>
								</line>
								<line number="72" hits="0" branch="false"/>
								<line number="73" hits="1" branch="true" condition-coverage="50% (1/2)">
									<conditions>
										<condition number="0" type="jump" coverage="50%"/>
									</conditions>
								</line>
								<line number="74" hits="0" branch="false"/>
								<line number="75" hits="1" branch="true" condition-coverage="50% (1/2)">
									<conditions>
										<condition number="0" type="jump" coverage="50%"/>
									</conditions>
								</line>
								<line number="76" hits="0" branch="false"/>
								<line number="78" hits="1" branch="true" condition-coverage="50% (1/2)">
									<conditions>
										<condition number="0" type="jump" coverage="50%"/>
									</conditions>
								</line>
								<line number="79" hits="0" branch="false"/>
								<line number="80" hits="1" branch="true" condition-coverage="50% (1/2)">
									<conditions>
										<condition number="0" type="jump" coverage="50%"/>
									</conditions>
								</line>
								<line number="81" hits="0" branch="false"/>
								<line number="83" hits="1" branch="false"/>
								<line number="85" hits="0" branch="false"/>
							</lines>
						</method>
						<method name="findForMap" signature="(Lcom/fasterxml/jackson/databind/DeserializationContext;Lcom/fasterxml/jackson/databind/JavaType;)Lcom/fasterxml/jackson/databind/JsonDeserializer;" line-rate="0.0" branch-rate="0.0">
							<lines>
								<line number="95" hits="0" branch="true" condition-coverage="0% (0/2)">
									<conditions>
										<condition number="0" type="jump" coverage="0%"/>
									</conditions>
								</line>
								<line number="96" hits="0" branch="false"/>
								<line number="97" hits="0" branch="true" condition-coverage="0% (0/2)">
									<conditions>
										<condition number="0" type="jump" coverage="0%"/>
									</conditions>
								</line>
								<line number="98" hits="0" branch="false"/>
								<line number="100" hits="0" branch="false"/>
								<line number="102" hits="0" branch="false"/>
							</lines>
						</method>
					</methods>
					<lines>
						<line number="21" hits="0" branch="false"/>
						<line number="35" hits="1" branch="false"/>
						<line number="50" hits="1" branch="false"/>
						<line number="51" hits="1" branch="false"/>
						<line number="52" hits="1" branch="false"/>
						<line number="54" hits="1" branch="false"/>
						<line number="55" hits="1" branch="false"/>
						<line number="56" hits="1" branch="false"/>
						<line number="59" hits="1" branch="false"/>
						<line number="60" hits="1" branch="false"/>
						<line number="61" hits="1" branch="false"/>
						<line number="62" hits="1" branch="false"/>
						<line number="71" hits="1" branch="true" condition-coverage="50% (1/2)">
							<conditions>
								<condition number="0" type="jump" coverage="50%"/>
							</conditions>
						</line>
						<line number="72" hits="0" branch="false"/>
						<line number="73" hits="1" branch="true" condition-coverage="50% (1/2)">
							<conditions>
								<condition number="0" type="jump" coverage="50%"/>
							</conditions>
						</line>
						<line number="74" hits="0" branch="false"/>
						<line number="75" hits="1" branch="true" condition-coverage="50% (1/2)">
							<conditions>
								<condition number="0" type="jump" coverage="50%"/>
							</conditions>
						</line>
						<line number="76" hits="0" branch="false"/>
						<line number="78" hits="1" branch="true" condition-coverage="50% (1/2)">
							<conditions>
								<condition number="0" type="jump" coverage="50%"/>
							</conditions>
						</line>
						<line number="79" hits="0" branch="false"/>
						<line number="80" hits="1" branch="true" condition-coverage="50% (1/2)">
							<conditions>
								<condition number="0" type="jump" coverage="50%"/>
							</conditions>
						</line>
						<line number="81" hits="0" branch="false"/>
						<line number="83" hits="1" branch="false"/>
						<line number="85" hits="0" branch="false"/>
						<line number="95" hits="0" branch="true" condition-coverage="0% (0/2)">
							<conditions>
								<condition number="0" type="jump" coverage="0%"/>
							</conditions>
						</line>
						<line number="96" hits="0" branch="false"/>
						<line number="97" hits="0" branch="true" condition-coverage="0% (0/2)">
							<conditions>
								<condition number="0" type="jump" coverage="0%"/>
							</conditions>
						</line>
						<line number="98" hits="0" branch="false"/>
						<line number="100" hits="0" branch="false"/>
						<line number="102" hits="0" branch="false"/>
						<line number="108" hits="0" branch="false"/>
						<line number="116" hits="0" branch="false"/>
					</lines>
				</class>
				<class name="com.fasterxml.jackson.databind.deser.impl.JavaUtilCollectionsDeserializers$1" filename="com/fasterxml/jackson/databind/deser/impl/JavaUtilCollectionsDeserializers.java" line-rate="1.0" branch-rate="1.0" complexity="4.25">
					<methods>
					</methods>
					<lines>
					</lines>
				</class>
				<class name="com.fasterxml.jackson.databind.deser.impl.JavaUtilCollectionsDeserializers$JavaUtilCollectionsConverter" filename="com/fasterxml/jackson/databind/deser/impl/JavaUtilCollectionsDeserializers.java" line-rate="0.0" branch-rate="0.0" complexity="4.25">
					<methods>
						<method name="&lt;init&gt;" signature="(ILcom/fasterxml/jackson/databind/JavaType;)V" line-rate="0.0" branch-rate="1.0">
							<lines>
								<line number="122" hits="0" branch="false"/>
								<line number="123" hits="0" branch="false"/>
								<line number="124" hits="0" branch="false"/>
								<line number="125" hits="0" branch="false"/>
							</lines>
						</method>
						<method name="&lt;init&gt;" signature="(ILcom/fasterxml/jackson/databind/JavaType;Lcom/fasterxml/jackson/databind/deser/impl/JavaUtilCollectionsDeserializers$1;)V" line-rate="0.0" branch-rate="1.0">
							<lines>
								<line number="116" hits="0" branch="false"/>
							</lines>
						</method>
						<method name="_checkSingleton" signature="(I)V" line-rate="0.0" branch-rate="0.0">
							<lines>
								<line number="180" hits="0" branch="true" condition-coverage="0% (0/2)">
									<conditions>
										<condition number="0" type="jump" coverage="0%"/>
									</conditions>
								</line>
								<line number="182" hits="0" branch="false"/>
								<line number="184" hits="0" branch="false"/>
							</lines>
						</method>
						<method name="convert" signature="(Ljava/lang/Object;)Ljava/lang/Object;" line-rate="0.0" branch-rate="0.0">
							<lines>
								<line number="129" hits="0" branch="true" condition-coverage="0% (0/2)">
									<conditions>
										<condition number="0" type="jump" coverage="0%"/>
									</conditions>
								</line>
								<line number="130" hits="0" branch="false"/>
								<line number="133" hits="0" branch="true" condition-coverage="0% (0/7)">
									<conditions>
										<condition number="0" type="switch" coverage="0%"/>
									</conditions>
								</line>
								<line number="136" hits="0" branch="false"/>
								<line number="137" hits="0" branch="false"/>
								<line number="138" hits="0" branch="false"/>
								<line number="142" hits="0" branch="false"/>
								<line number="143" hits="0" branch="false"/>
								<line number="144" hits="0" branch="false"/>
								<line number="148" hits="0" branch="false"/>
								<line number="149" hits="0" branch="false"/>
								<line number="150" hits="0" branch="false"/>
								<line number="151" hits="0" branch="false"/>
								<line number="155" hits="0" branch="false"/>
								<line number="157" hits="0" branch="false"/>
								<line number="159" hits="0" branch="false"/>
								<line number="164" hits="0" branch="false"/>
							</lines>
						</method>
						<method name="getInputType" signature="(Lcom/fasterxml/jackson/databind/type/TypeFactory;)Lcom/fasterxml/jackson/databind/JavaType;" line-rate="0.0" branch-rate="1.0">
							<lines>
								<line number="170" hits="0" branch="false"/>
							</lines>
						</method>
						<method name="getOutputType" signature="(Lcom/fasterxml/jackson/databind/type/TypeFactory;)Lcom/fasterxml/jackson/databind/JavaType;" line-rate="0.0" branch-rate="1.0">
							<lines>
								<line number="176" hits="0" branch="false"/>
							</lines>
						</method>
					</methods>
					<lines>
						<line number="116" hits="0" branch="false"/>
						<line number="122" hits="0" branch="false"/>
						<line number="123" hits="0" branch="false"/>
						<line number="124" hits="0" branch="false"/>
						<line number="125" hits="0" branch="false"/>
						<line number="129" hits="0" branch="true" condition-coverage="0% (0/2)">
							<conditions>
								<condition number="0" type="jump" coverage="0%"/>
							</conditions>
						</line>
						<line number="130" hits="0" branch="false"/>
						<line number="133" hits="0" branch="true" condition-coverage="0% (0/7)">
							<conditions>
								<condition number="0" type="switch" coverage="0%"/>
							</conditions>
						</line>
						<line number="136" hits="0" branch="false"/>
						<line number="137" hits="0" branch="false"/>
						<line number="138" hits="0" branch="false"/>
						<line number="142" hits="0" branch="false"/>
						<line number="143" hits="0" branch="false"/>
						<line number="144" hits="0" branch="false"/>
						<line number="148" hits="0" branch="false"/>
						<line number="149" hits="0" branch="false"/>
						<line number="150" hits="0" branch="false"/>
						<line number="151" hits="0" branch="false"/>
						<line number="155" hits="0" branch="false"/>
						<line number="157" hits="0" branch="false"/>
						<line number="159" hits="0" branch="false"/>
						<line number="164" hits="0" branch="false"/>
						<line number="170" hits="0" branch="false"/>
						<line number="176" hits="0" branch="false"/>
						<line number="180" hits="0" branch="true" condition-coverage="0% (0/2)">
							<conditions>
								<condition number="0" type="jump" coverage="0%"/>
							</conditions>
						</line>
						<line number="182" hits="0" branch="false"/>
						<line number="184" hits="0" branch="false"/>
					</lines>
				</class>
			</classes>
		</package>
	</packages>
</coverage>
