<?xml version="1.0"?>
<!DOCTYPE coverage SYSTEM "http://cobertura.sourceforge.net/xml/coverage-04.dtd">

<coverage line-rate="0.16722972972972974" branch-rate="0.08759124087591241" lines-covered="99" lines-valid="592" branches-covered="36" branches-valid="411" complexity="3.354330708661417" version="2.0.3" timestamp="1652217130715">
	<sources>
		<source>src/main/java</source>
	</sources>
	<packages>
		<package name="com.fasterxml.jackson.core.base" line-rate="0.16722972972972974" branch-rate="0.08759124087591241" complexity="3.354330708661417">
			<classes>
				<class name="com.fasterxml.jackson.core.base.ParserBase" filename="com/fasterxml/jackson/core/base/ParserBase.java" line-rate="0.23157894736842105" branch-rate="0.13533834586466165" complexity="3.6825396825396823">
					<methods>
						<method name="&lt;init&gt;" signature="(Lcom/fasterxml/jackson/core/io/IOContext;I)V" line-rate="1.0" branch-rate="0.5">
							<lines>
								<line number="78" hits="4" branch="false"/>
								<line number="107" hits="4" branch="false"/>
								<line number="182" hits="4" branch="false"/>
								<line number="233" hits="4" branch="false"/>
								<line number="234" hits="4" branch="false"/>
								<line number="235" hits="4" branch="false"/>
								<line number="236" hits="4" branch="true" condition-coverage="50% (1/2)">
									<conditions>
										<condition number="0" type="jump" coverage="50%"/>
									</conditions>
								</line>
								<line number="238" hits="4" branch="false"/>
								<line number="239" hits="4" branch="false"/>
							</lines>
						</method>
						<method name="_checkStdFeatureChanges" signature="(II)V" line-rate="0.0" branch-rate="0.0">
							<lines>
								<line number="313" hits="0" branch="false"/>
								<line number="315" hits="0" branch="true" condition-coverage="0% (0/2)">
									<conditions>
										<condition number="0" type="jump" coverage="0%"/>
									</conditions>
								</line>
								<line number="316" hits="0" branch="true" condition-coverage="0% (0/2)">
									<conditions>
										<condition number="0" type="jump" coverage="0%"/>
									</conditions>
								</line>
								<line number="317" hits="0" branch="true" condition-coverage="0% (0/2)">
									<conditions>
										<condition number="0" type="jump" coverage="0%"/>
									</conditions>
								</line>
								<line number="318" hits="0" branch="false"/>
								<line number="320" hits="0" branch="false"/>
								<line number="324" hits="0" branch="false"/>
							</lines>
						</method>
						<method name="_decodeBase64Escape" signature="(Lcom/fasterxml/jackson/core/Base64Variant;CI)I" line-rate="0.0" branch-rate="0.0">
							<lines>
								<line number="1088" hits="0" branch="true" condition-coverage="0% (0/2)">
									<conditions>
										<condition number="0" type="jump" coverage="0%"/>
									</conditions>
								</line>
								<line number="1089" hits="0" branch="false"/>
								<line number="1091" hits="0" branch="false"/>
								<line number="1093" hits="0" branch="true" condition-coverage="0% (0/2)">
									<conditions>
										<condition number="0" type="jump" coverage="0%"/>
									</conditions>
								</line>
								<line number="1094" hits="0" branch="true" condition-coverage="0% (0/2)">
									<conditions>
										<condition number="0" type="jump" coverage="0%"/>
									</conditions>
								</line>
								<line number="1095" hits="0" branch="false"/>
								<line number="1099" hits="0" branch="false"/>
								<line number="1100" hits="0" branch="true" condition-coverage="0% (0/2)">
									<conditions>
										<condition number="0" type="jump" coverage="0%"/>
									</conditions>
								</line>
								<line number="1102" hits="0" branch="true" condition-coverage="0% (0/4)">
									<conditions>
										<condition number="0" type="jump" coverage="0%"/>
										<condition number="1" type="jump" coverage="0%"/>
									</conditions>
								</line>
								<line number="1103" hits="0" branch="false"/>
								<line number="1106" hits="0" branch="false"/>
							</lines>
						</method>
						<method name="_decodeBase64Escape" signature="(Lcom/fasterxml/jackson/core/Base64Variant;II)I" line-rate="0.0" branch-rate="0.0">
							<lines>
								<line number="1066" hits="0" branch="true" condition-coverage="0% (0/2)">
									<conditions>
										<condition number="0" type="jump" coverage="0%"/>
									</conditions>
								</line>
								<line number="1067" hits="0" branch="false"/>
								<line number="1069" hits="0" branch="false"/>
								<line number="1071" hits="0" branch="true" condition-coverage="0% (0/2)">
									<conditions>
										<condition number="0" type="jump" coverage="0%"/>
									</conditions>
								</line>
								<line number="1072" hits="0" branch="true" condition-coverage="0% (0/2)">
									<conditions>
										<condition number="0" type="jump" coverage="0%"/>
									</conditions>
								</line>
								<line number="1073" hits="0" branch="false"/>
								<line number="1077" hits="0" branch="false"/>
								<line number="1078" hits="0" branch="true" condition-coverage="0% (0/2)">
									<conditions>
										<condition number="0" type="jump" coverage="0%"/>
									</conditions>
								</line>
								<line number="1079" hits="0" branch="true" condition-coverage="0% (0/2)">
									<conditions>
										<condition number="0" type="jump" coverage="0%"/>
									</conditions>
								</line>
								<line number="1080" hits="0" branch="false"/>
								<line number="1083" hits="0" branch="false"/>
							</lines>
						</method>
						<method name="_decodeEscaped" signature="()C" line-rate="0.0" branch-rate="1.0">
							<lines>
								<line number="1060" hits="0" branch="false"/>
							</lines>
						</method>
						<method name="_eofAsNextChar" signature="()I" line-rate="0.0" branch-rate="1.0">
							<lines>
								<line number="498" hits="0" branch="false"/>
								<line number="499" hits="0" branch="false"/>
							</lines>
						</method>
						<method name="_finishString" signature="()V" line-rate="0.0" branch-rate="1.0">
							<lines>
								<line number="1185" hits="0" branch="false"/>
							</lines>
						</method>
						<method name="_getByteArrayBuilder" signature="()Lcom/fasterxml/jackson/core/util/ByteArrayBuilder;" line-rate="0.0" branch-rate="0.0">
							<lines>
								<line number="510" hits="0" branch="true" condition-coverage="0% (0/2)">
									<conditions>
										<condition number="0" type="jump" coverage="0%"/>
									</conditions>
								</line>
								<line number="511" hits="0" branch="false"/>
								<line number="513" hits="0" branch="false"/>
								<line number="515" hits="0" branch="false"/>
							</lines>
						</method>
						<method name="_getSourceReference" signature="()Ljava/lang/Object;" line-rate="0.0" branch-rate="0.0">
							<lines>
								<line number="1155" hits="0" branch="true" condition-coverage="0% (0/2)">
									<conditions>
										<condition number="0" type="jump" coverage="0%"/>
									</conditions>
								</line>
								<line number="1156" hits="0" branch="false"/>
								<line number="1158" hits="0" branch="false"/>
							</lines>
						</method>
						<method name="_handleBase64MissingPadding" signature="(Lcom/fasterxml/jackson/core/Base64Variant;)V" line-rate="0.0" branch-rate="1.0">
							<lines>
								<line number="1139" hits="0" branch="false"/>
								<line number="1140" hits="0" branch="false"/>
							</lines>
						</method>
						<method name="_handleEOF" signature="()V" line-rate="0.0" branch-rate="0.0">
							<lines>
								<line number="484" hits="0" branch="true" condition-coverage="0% (0/2)">
									<conditions>
										<condition number="0" type="jump" coverage="0%"/>
									</conditions>
								</line>
								<line number="485" hits="0" branch="true" condition-coverage="0% (0/2)">
									<conditions>
										<condition number="0" type="jump" coverage="0%"/>
									</conditions>
								</line>
								<line number="486" hits="0" branch="false"/>
								<line number="492" hits="0" branch="false"/>
							</lines>
						</method>
						<method name="_handleUnrecognizedCharacterEscape" signature="(C)C" line-rate="0.0" branch-rate="0.0">
							<lines>
								<line number="1022" hits="0" branch="true" condition-coverage="0% (0/2)">
									<conditions>
										<condition number="0" type="jump" coverage="0%"/>
									</conditions>
								</line>
								<line number="1023" hits="0" branch="false"/>
								<line number="1026" hits="0" branch="true" condition-coverage="0% (0/4)">
									<conditions>
										<condition number="0" type="jump" coverage="0%"/>
										<condition number="1" type="jump" coverage="0%"/>
									</conditions>
								</line>
								<line number="1027" hits="0" branch="false"/>
								<line number="1029" hits="0" branch="false"/>
								<line number="1030" hits="0" branch="false"/>
							</lines>
						</method>
						<method name="_parseIntValue" signature="()I" line-rate="0.6" branch-rate="0.3333333333333333">
							<lines>
								<line number="791" hits="1" branch="true" condition-coverage="50% (1/2)">
									<conditions>
										<condition number="0" type="jump" coverage="50%"/>
									</conditions>
								</line>
								<line number="792" hits="1" branch="true" condition-coverage="50% (1/2)">
									<conditions>
										<condition number="0" type="jump" coverage="50%"/>
									</conditions>
								</line>
								<line number="793" hits="1" branch="false"/>
								<line number="794" hits="1" branch="false"/>
								<line number="795" hits="1" branch="false"/>
								<line number="796" hits="1" branch="false"/>
								<line number="800" hits="0" branch="false"/>
								<line number="801" hits="0" branch="true" condition-coverage="0% (0/2)">
									<conditions>
										<condition number="0" type="jump" coverage="0%"/>
									</conditions>
								</line>
								<line number="802" hits="0" branch="false"/>
								<line number="804" hits="0" branch="false"/>
							</lines>
						</method>
						<method name="_parseNumericValue" signature="(I)V" line-rate="0.4482758620689655" branch-rate="0.3125">
							<lines>
								<line number="744" hits="3" branch="true" condition-coverage="50% (1/2)">
									<conditions>
										<condition number="0" type="jump" coverage="50%"/>
									</conditions>
								</line>
								<line number="745" hits="3" branch="false"/>
								<line number="747" hits="3" branch="true" condition-coverage="100% (2/2)">
									<conditions>
										<condition number="0" type="jump" coverage="100%"/>
									</conditions>
								</line>
								<line number="748" hits="2" branch="false"/>
								<line number="749" hits="2" branch="false"/>
								<line number="750" hits="2" branch="false"/>
								<line number="751" hits="2" branch="false"/>
								<line number="753" hits="1" branch="true" condition-coverage="50% (1/2)">
									<conditions>
										<condition number="0" type="jump" coverage="50%"/>
									</conditions>
								</line>
								<line number="754" hits="1" branch="false"/>
								<line number="756" hits="1" branch="true" condition-coverage="50% (1/2)">
									<conditions>
										<condition number="0" type="jump" coverage="50%"/>
									</conditions>
								</line>
								<line number="757" hits="0" branch="true" condition-coverage="0% (0/2)">
									<conditions>
										<condition number="0" type="jump" coverage="0%"/>
									</conditions>
								</line>
								<line number="758" hits="0" branch="true" condition-coverage="0% (0/2)">
									<conditions>
										<condition number="0" type="jump" coverage="0%"/>
									</conditions>
								</line>
								<line number="759" hits="0" branch="false"/>
								<line number="760" hits="0" branch="false"/>
								<line number="761" hits="0" branch="false"/>
								<line number="764" hits="0" branch="true" condition-coverage="0% (0/2)">
									<conditions>
										<condition number="0" type="jump" coverage="0%"/>
									</conditions>
								</line>
								<line number="765" hits="0" branch="false"/>
								<line number="766" hits="0" branch="false"/>
								<line number="767" hits="0" branch="false"/>
								<line number="771" hits="1" branch="false"/>
								<line number="772" hits="1" branch="false"/>
								<line number="773" hits="1" branch="false"/>
								<line number="775" hits="0" branch="false"/>
								<line number="776" hits="0" branch="false"/>
								<line number="778" hits="0" branch="true" condition-coverage="0% (0/2)">
									<conditions>
										<condition number="0" type="jump" coverage="0%"/>
									</conditions>
								</line>
								<line number="779" hits="0" branch="false"/>
								<line number="780" hits="0" branch="false"/>
								<line number="782" hits="0" branch="false"/>
								<line number="783" hits="0" branch="false"/>
							</lines>
						</method>
						<method name="_parseSlowFloat" signature="(I)V" line-rate="0.0" branch-rate="0.0">
							<lines>
								<line number="817" hits="0" branch="true" condition-coverage="0% (0/2)">
									<conditions>
										<condition number="0" type="jump" coverage="0%"/>
									</conditions>
								</line>
								<line number="818" hits="0" branch="false"/>
								<line number="819" hits="0" branch="false"/>
								<line number="822" hits="0" branch="false"/>
								<line number="823" hits="0" branch="false"/>
								<line number="825" hits="0" branch="false"/>
								<line number="827" hits="0" branch="false"/>
								<line number="828" hits="0" branch="false"/>
								<line number="829" hits="0" branch="false"/>
							</lines>
						</method>
						<method name="_parseSlowInt" signature="(I)V" line-rate="0.0" branch-rate="0.0">
							<lines>
								<line number="833" hits="0" branch="false"/>
								<line number="835" hits="0" branch="false"/>
								<line number="836" hits="0" branch="false"/>
								<line number="837" hits="0" branch="false"/>
								<line number="838" hits="0" branch="true" condition-coverage="0% (0/2)">
									<conditions>
										<condition number="0" type="jump" coverage="0%"/>
									</conditions>
								</line>
								<line number="839" hits="0" branch="false"/>
								<line number="842" hits="0" branch="true" condition-coverage="0% (0/2)">
									<conditions>
										<condition number="0" type="jump" coverage="0%"/>
									</conditions>
								</line>
								<line number="844" hits="0" branch="false"/>
								<line number="845" hits="0" branch="false"/>
								<line number="848" hits="0" branch="true" condition-coverage="0% (0/4)">
									<conditions>
										<condition number="0" type="jump" coverage="0%"/>
										<condition number="1" type="jump" coverage="0%"/>
									</conditions>
								</line>
								<line number="849" hits="0" branch="false"/>
								<line number="851" hits="0" branch="true" condition-coverage="0% (0/4)">
									<conditions>
										<condition number="0" type="jump" coverage="0%"/>
										<condition number="1" type="jump" coverage="0%"/>
									</conditions>
								</line>
								<line number="852" hits="0" branch="false"/>
								<line number="853" hits="0" branch="false"/>
								<line number="856" hits="0" branch="false"/>
								<line number="857" hits="0" branch="false"/>
								<line number="860" hits="0" branch="false"/>
								<line number="862" hits="0" branch="false"/>
								<line number="863" hits="0" branch="false"/>
								<line number="864" hits="0" branch="false"/>
							</lines>
						</method>
						<method name="_releaseBuffers" signature="()V" line-rate="0.6666666666666666" branch-rate="0.5">
							<lines>
								<line number="469" hits="4" branch="false"/>
								<line number="470" hits="4" branch="false"/>
								<line number="471" hits="4" branch="true" condition-coverage="50% (1/2)">
									<conditions>
										<condition number="0" type="jump" coverage="50%"/>
									</conditions>
								</line>
								<line number="472" hits="0" branch="false"/>
								<line number="473" hits="0" branch="false"/>
								<line number="475" hits="4" branch="false"/>
							</lines>
						</method>
						<method name="_reportMismatchedEndMarker" signature="(IC)V" line-rate="0.0" branch-rate="1.0">
							<lines>
								<line number="1013" hits="0" branch="false"/>
								<line number="1014" hits="0" branch="false"/>
								<line number="1017" hits="0" branch="false"/>
							</lines>
						</method>
						<method name="_reportTooLongIntegral" signature="(ILjava/lang/String;)V" line-rate="0.0" branch-rate="0.0">
							<lines>
								<line number="869" hits="0" branch="false"/>
								<line number="870" hits="0" branch="true" condition-coverage="0% (0/2)">
									<conditions>
										<condition number="0" type="jump" coverage="0%"/>
									</conditions>
								</line>
								<line number="872" hits="0" branch="false"/>
							</lines>
						</method>
						<method name="_throwUnquotedSpace" signature="(ILjava/lang/String;)V" line-rate="0.0" branch-rate="0.0">
							<lines>
								<line number="1041" hits="0" branch="true" condition-coverage="0% (0/4)">
									<conditions>
										<condition number="0" type="jump" coverage="0%"/>
										<condition number="1" type="jump" coverage="0%"/>
									</conditions>
								</line>
								<line number="1042" hits="0" branch="false"/>
								<line number="1043" hits="0" branch="false"/>
								<line number="1044" hits="0" branch="false"/>
								<line number="1046" hits="0" branch="false"/>
							</lines>
						</method>
						<method name="close" signature="()V" line-rate="1.0" branch-rate="0.5">
							<lines>
								<line number="364" hits="4" branch="true" condition-coverage="50% (1/2)">
									<conditions>
										<condition number="0" type="jump" coverage="50%"/>
									</conditions>
								</line>
								<line number="366" hits="4" branch="false"/>
								<line number="367" hits="4" branch="false"/>
								<line number="369" hits="4" branch="false"/>
								<line number="373" hits="4" branch="false"/>
								<line number="374" hits="4" branch="false"/>
								<line number="376" hits="4" branch="false"/>
							</lines>
						</method>
						<method name="convertNumberToBigDecimal" signature="()V" line-rate="0.6363636363636364" branch-rate="0.5">
							<lines>
								<line number="989" hits="1" branch="true" condition-coverage="50% (1/2)">
									<conditions>
										<condition number="0" type="jump" coverage="50%"/>
									</conditions>
								</line>
								<line number="993" hits="0" branch="false"/>
								<line number="994" hits="1" branch="true" condition-coverage="50% (1/2)">
									<conditions>
										<condition number="0" type="jump" coverage="50%"/>
									</conditions>
								</line>
								<line number="995" hits="0" branch="false"/>
								<line number="996" hits="1" branch="true" condition-coverage="50% (1/2)">
									<conditions>
										<condition number="0" type="jump" coverage="50%"/>
									</conditions>
								</line>
								<line number="997" hits="0" branch="false"/>
								<line number="998" hits="1" branch="true" condition-coverage="50% (1/2)">
									<conditions>
										<condition number="0" type="jump" coverage="50%"/>
									</conditions>
								</line>
								<line number="999" hits="1" branch="false"/>
								<line number="1001" hits="0" branch="false"/>
								<line number="1003" hits="1" branch="false"/>
								<line number="1004" hits="1" branch="false"/>
							</lines>
						</method>
						<method name="convertNumberToBigInteger" signature="()V" line-rate="0.45454545454545453" branch-rate="0.25">
							<lines>
								<line number="944" hits="1" branch="true" condition-coverage="50% (1/2)">
									<conditions>
										<condition number="0" type="jump" coverage="50%"/>
									</conditions>
								</line>
								<line number="946" hits="0" branch="false"/>
								<line number="947" hits="1" branch="true" condition-coverage="50% (1/2)">
									<conditions>
										<condition number="0" type="jump" coverage="50%"/>
									</conditions>
								</line>
								<line number="948" hits="1" branch="false"/>
								<line number="949" hits="0" branch="true" condition-coverage="0% (0/2)">
									<conditions>
										<condition number="0" type="jump" coverage="0%"/>
									</conditions>
								</line>
								<line number="950" hits="0" branch="false"/>
								<line number="951" hits="0" branch="true" condition-coverage="0% (0/2)">
									<conditions>
										<condition number="0" type="jump" coverage="0%"/>
									</conditions>
								</line>
								<line number="952" hits="0" branch="false"/>
								<line number="954" hits="0" branch="false"/>
								<line number="956" hits="1" branch="false"/>
								<line number="957" hits="1" branch="false"/>
							</lines>
						</method>
						<method name="convertNumberToDouble" signature="()V" line-rate="0.6363636363636364" branch-rate="0.5">
							<lines>
								<line number="967" hits="1" branch="true" condition-coverage="50% (1/2)">
									<conditions>
										<condition number="0" type="jump" coverage="50%"/>
									</conditions>
								</line>
								<line number="968" hits="0" branch="false"/>
								<line number="969" hits="1" branch="true" condition-coverage="50% (1/2)">
									<conditions>
										<condition number="0" type="jump" coverage="50%"/>
									</conditions>
								</line>
								<line number="970" hits="0" branch="false"/>
								<line number="971" hits="1" branch="true" condition-coverage="50% (1/2)">
									<conditions>
										<condition number="0" type="jump" coverage="50%"/>
									</conditions>
								</line>
								<line number="972" hits="0" branch="false"/>
								<line number="973" hits="1" branch="true" condition-coverage="50% (1/2)">
									<conditions>
										<condition number="0" type="jump" coverage="50%"/>
									</conditions>
								</line>
								<line number="974" hits="1" branch="false"/>
								<line number="976" hits="0" branch="false"/>
								<line number="978" hits="1" branch="false"/>
								<line number="979" hits="1" branch="false"/>
							</lines>
						</method>
						<method name="convertNumberToInt" signature="()V" line-rate="0.0" branch-rate="0.0">
							<lines>
								<line number="883" hits="0" branch="true" condition-coverage="0% (0/2)">
									<conditions>
										<condition number="0" type="jump" coverage="0%"/>
									</conditions>
								</line>
								<line number="885" hits="0" branch="false"/>
								<line number="886" hits="0" branch="true" condition-coverage="0% (0/2)">
									<conditions>
										<condition number="0" type="jump" coverage="0%"/>
									</conditions>
								</line>
								<line number="887" hits="0" branch="false"/>
								<line number="889" hits="0" branch="false"/>
								<line number="890" hits="0" branch="true" condition-coverage="0% (0/2)">
									<conditions>
										<condition number="0" type="jump" coverage="0%"/>
									</conditions>
								</line>
								<line number="891" hits="0" branch="true" condition-coverage="0% (0/4)">
									<conditions>
										<condition number="0" type="jump" coverage="0%"/>
										<condition number="1" type="jump" coverage="0%"/>
									</conditions>
								</line>
								<line number="893" hits="0" branch="false"/>
								<line number="895" hits="0" branch="false"/>
								<line number="896" hits="0" branch="true" condition-coverage="0% (0/2)">
									<conditions>
										<condition number="0" type="jump" coverage="0%"/>
									</conditions>
								</line>
								<line number="898" hits="0" branch="true" condition-coverage="0% (0/4)">
									<conditions>
										<condition number="0" type="jump" coverage="0%"/>
										<condition number="1" type="jump" coverage="0%"/>
									</conditions>
								</line>
								<line number="899" hits="0" branch="false"/>
								<line number="901" hits="0" branch="false"/>
								<line number="902" hits="0" branch="true" condition-coverage="0% (0/2)">
									<conditions>
										<condition number="0" type="jump" coverage="0%"/>
									</conditions>
								</line>
								<line number="903" hits="0" branch="true" condition-coverage="0% (0/4)">
									<conditions>
										<condition number="0" type="jump" coverage="0%"/>
										<condition number="1" type="jump" coverage="0%"/>
									</conditions>
								</line>
								<line number="905" hits="0" branch="false"/>
								<line number="907" hits="0" branch="false"/>
								<line number="909" hits="0" branch="false"/>
								<line number="911" hits="0" branch="false"/>
								<line number="912" hits="0" branch="false"/>
							</lines>
						</method>
						<method name="convertNumberToLong" signature="()V" line-rate="0.23529411764705882" branch-rate="0.05">
							<lines>
								<line number="916" hits="3" branch="true" condition-coverage="50% (1/2)">
									<conditions>
										<condition number="0" type="jump" coverage="50%"/>
									</conditions>
								</line>
								<line number="917" hits="3" branch="false"/>
								<line number="918" hits="0" branch="true" condition-coverage="0% (0/2)">
									<conditions>
										<condition number="0" type="jump" coverage="0%"/>
									</conditions>
								</line>
								<line number="919" hits="0" branch="true" condition-coverage="0% (0/4)">
									<conditions>
										<condition number="0" type="jump" coverage="0%"/>
										<condition number="1" type="jump" coverage="0%"/>
									</conditions>
								</line>
								<line number="921" hits="0" branch="false"/>
								<line number="923" hits="0" branch="false"/>
								<line number="924" hits="0" branch="true" condition-coverage="0% (0/2)">
									<conditions>
										<condition number="0" type="jump" coverage="0%"/>
									</conditions>
								</line>
								<line number="926" hits="0" branch="true" condition-coverage="0% (0/4)">
									<conditions>
										<condition number="0" type="jump" coverage="0%"/>
										<condition number="1" type="jump" coverage="0%"/>
									</conditions>
								</line>
								<line number="927" hits="0" branch="false"/>
								<line number="929" hits="0" branch="false"/>
								<line number="930" hits="0" branch="true" condition-coverage="0% (0/2)">
									<conditions>
										<condition number="0" type="jump" coverage="0%"/>
									</conditions>
								</line>
								<line number="931" hits="0" branch="true" condition-coverage="0% (0/4)">
									<conditions>
										<condition number="0" type="jump" coverage="0%"/>
										<condition number="1" type="jump" coverage="0%"/>
									</conditions>
								</line>
								<line number="933" hits="0" branch="false"/>
								<line number="935" hits="0" branch="false"/>
								<line number="937" hits="0" branch="false"/>
								<line number="939" hits="3" branch="false"/>
								<line number="940" hits="3" branch="false"/>
							</lines>
						</method>
						<method name="disable" signature="(Lcom/fasterxml/jackson/core/JsonParser$Feature;)Lcom/fasterxml/jackson/core/JsonParser;" line-rate="0.0" branch-rate="0.0">
							<lines>
								<line number="272" hits="0" branch="false"/>
								<line number="273" hits="0" branch="true" condition-coverage="0% (0/2)">
									<conditions>
										<condition number="0" type="jump" coverage="0%"/>
									</conditions>
								</line>
								<line number="274" hits="0" branch="false"/>
								<line number="276" hits="0" branch="false"/>
							</lines>
						</method>
						<method name="enable" signature="(Lcom/fasterxml/jackson/core/JsonParser$Feature;)Lcom/fasterxml/jackson/core/JsonParser;" line-rate="0.0" branch-rate="0.0">
							<lines>
								<line number="261" hits="0" branch="false"/>
								<line number="262" hits="0" branch="true" condition-coverage="0% (0/2)">
									<conditions>
										<condition number="0" type="jump" coverage="0%"/>
									</conditions>
								</line>
								<line number="263" hits="0" branch="true" condition-coverage="0% (0/2)">
									<conditions>
										<condition number="0" type="jump" coverage="0%"/>
									</conditions>
								</line>
								<line number="264" hits="0" branch="false"/>
								<line number="267" hits="0" branch="false"/>
							</lines>
						</method>
						<method name="getBigIntegerValue" signature="()Ljava/math/BigInteger;" line-rate="1.0" branch-rate="0.5">
							<lines>
								<line number="672" hits="1" branch="true" condition-coverage="50% (1/2)">
									<conditions>
										<condition number="0" type="jump" coverage="50%"/>
									</conditions>
								</line>
								<line number="673" hits="1" branch="true" condition-coverage="50% (1/2)">
									<conditions>
										<condition number="0" type="jump" coverage="50%"/>
									</conditions>
								</line>
								<line number="674" hits="1" branch="false"/>
								<line number="676" hits="1" branch="true" condition-coverage="50% (1/2)">
									<conditions>
										<condition number="0" type="jump" coverage="50%"/>
									</conditions>
								</line>
								<line number="677" hits="1" branch="false"/>
								<line number="680" hits="1" branch="false"/>
							</lines>
						</method>
						<method name="getBinaryValue" signature="(Lcom/fasterxml/jackson/core/Base64Variant;)[B" line-rate="0.0" branch-rate="0.0">
							<lines>
								<line number="423" hits="0" branch="true" condition-coverage="0% (0/2)">
									<conditions>
										<condition number="0" type="jump" coverage="0%"/>
									</conditions>
								</line>
								<line number="424" hits="0" branch="true" condition-coverage="0% (0/2)">
									<conditions>
										<condition number="0" type="jump" coverage="0%"/>
									</conditions>
								</line>
								<line number="425" hits="0" branch="false"/>
								<line number="427" hits="0" branch="false"/>
								<line number="428" hits="0" branch="false"/>
								<line number="429" hits="0" branch="false"/>
								<line number="431" hits="0" branch="false"/>
							</lines>
						</method>
						<method name="getCurrentLocation" signature="()Lcom/fasterxml/jackson/core/JsonLocation;" line-rate="0.0" branch-rate="1.0">
							<lines>
								<line number="400" hits="0" branch="false"/>
								<line number="401" hits="0" branch="false"/>
							</lines>
						</method>
						<method name="getCurrentName" signature="()Ljava/lang/String;" line-rate="0.0" branch-rate="0.0">
							<lines>
								<line number="338" hits="0" branch="true" condition-coverage="0% (0/4)">
									<conditions>
										<condition number="0" type="jump" coverage="0%"/>
										<condition number="1" type="jump" coverage="0%"/>
									</conditions>
								</line>
								<line number="339" hits="0" branch="false"/>
								<line number="340" hits="0" branch="true" condition-coverage="0% (0/2)">
									<conditions>
										<condition number="0" type="jump" coverage="0%"/>
									</conditions>
								</line>
								<line number="341" hits="0" branch="false"/>
								<line number="344" hits="0" branch="false"/>
							</lines>
						</method>
						<method name="getCurrentValue" signature="()Ljava/lang/Object;" line-rate="0.0" branch-rate="1.0">
							<lines>
								<line number="245" hits="0" branch="false"/>
							</lines>
						</method>
						<method name="getDecimalValue" signature="()Ljava/math/BigDecimal;" line-rate="1.0" branch-rate="0.5">
							<lines>
								<line number="715" hits="1" branch="true" condition-coverage="50% (1/2)">
									<conditions>
										<condition number="0" type="jump" coverage="50%"/>
									</conditions>
								</line>
								<line number="716" hits="1" branch="true" condition-coverage="50% (1/2)">
									<conditions>
										<condition number="0" type="jump" coverage="50%"/>
									</conditions>
								</line>
								<line number="717" hits="1" branch="false"/>
								<line number="719" hits="1" branch="true" condition-coverage="50% (1/2)">
									<conditions>
										<condition number="0" type="jump" coverage="50%"/>
									</conditions>
								</line>
								<line number="720" hits="1" branch="false"/>
								<line number="723" hits="1" branch="false"/>
							</lines>
						</method>
						<method name="getDoubleValue" signature="()D" line-rate="1.0" branch-rate="0.5">
							<lines>
								<line number="701" hits="1" branch="true" condition-coverage="50% (1/2)">
									<conditions>
										<condition number="0" type="jump" coverage="50%"/>
									</conditions>
								</line>
								<line number="702" hits="1" branch="true" condition-coverage="50% (1/2)">
									<conditions>
										<condition number="0" type="jump" coverage="50%"/>
									</conditions>
								</line>
								<line number="703" hits="1" branch="false"/>
								<line number="705" hits="1" branch="true" condition-coverage="50% (1/2)">
									<conditions>
										<condition number="0" type="jump" coverage="50%"/>
									</conditions>
								</line>
								<line number="706" hits="1" branch="false"/>
								<line number="709" hits="1" branch="false"/>
							</lines>
						</method>
						<method name="getFloatValue" signature="()F" line-rate="0.0" branch-rate="1.0">
							<lines>
								<line number="686" hits="0" branch="false"/>
								<line number="695" hits="0" branch="false"/>
							</lines>
						</method>
						<method name="getIntValue" signature="()I" line-rate="0.5" branch-rate="0.3333333333333333">
							<lines>
								<line number="644" hits="1" branch="true" condition-coverage="50% (1/2)">
									<conditions>
										<condition number="0" type="jump" coverage="50%"/>
									</conditions>
								</line>
								<line number="645" hits="1" branch="true" condition-coverage="50% (1/2)">
									<conditions>
										<condition number="0" type="jump" coverage="50%"/>
									</conditions>
								</line>
								<line number="646" hits="1" branch="false"/>
								<line number="648" hits="0" branch="true" condition-coverage="0% (0/2)">
									<conditions>
										<condition number="0" type="jump" coverage="0%"/>
									</conditions>
								</line>
								<line number="649" hits="0" branch="false"/>
								<line number="652" hits="0" branch="false"/>
							</lines>
						</method>
						<method name="getLongValue" signature="()J" line-rate="0.8333333333333334" branch-rate="0.6666666666666666">
							<lines>
								<line number="658" hits="4" branch="true" condition-coverage="100% (2/2)">
									<conditions>
										<condition number="0" type="jump" coverage="100%"/>
									</conditions>
								</line>
								<line number="659" hits="3" branch="true" condition-coverage="50% (1/2)">
									<conditions>
										<condition number="0" type="jump" coverage="50%"/>
									</conditions>
								</line>
								<line number="660" hits="0" branch="false"/>
								<line number="662" hits="3" branch="true" condition-coverage="50% (1/2)">
									<conditions>
										<condition number="0" type="jump" coverage="50%"/>
									</conditions>
								</line>
								<line number="663" hits="3" branch="false"/>
								<line number="666" hits="4" branch="false"/>
							</lines>
						</method>
						<method name="getNumberType" signature="()Lcom/fasterxml/jackson/core/JsonParser$NumberType;" line-rate="0.0" branch-rate="0.0">
							<lines>
								<line number="616" hits="0" branch="true" condition-coverage="0% (0/2)">
									<conditions>
										<condition number="0" type="jump" coverage="0%"/>
									</conditions>
								</line>
								<line number="617" hits="0" branch="false"/>
								<line number="619" hits="0" branch="true" condition-coverage="0% (0/2)">
									<conditions>
										<condition number="0" type="jump" coverage="0%"/>
									</conditions>
								</line>
								<line number="620" hits="0" branch="true" condition-coverage="0% (0/2)">
									<conditions>
										<condition number="0" type="jump" coverage="0%"/>
									</conditions>
								</line>
								<line number="621" hits="0" branch="false"/>
								<line number="623" hits="0" branch="true" condition-coverage="0% (0/2)">
									<conditions>
										<condition number="0" type="jump" coverage="0%"/>
									</conditions>
								</line>
								<line number="624" hits="0" branch="false"/>
								<line number="626" hits="0" branch="false"/>
								<line number="635" hits="0" branch="true" condition-coverage="0% (0/2)">
									<conditions>
										<condition number="0" type="jump" coverage="0%"/>
									</conditions>
								</line>
								<line number="636" hits="0" branch="false"/>
								<line number="638" hits="0" branch="false"/>
							</lines>
						</method>
						<method name="getNumberValue" signature="()Ljava/lang/Number;" line-rate="0.0" branch-rate="0.0">
							<lines>
								<line number="583" hits="0" branch="true" condition-coverage="0% (0/2)">
									<conditions>
										<condition number="0" type="jump" coverage="0%"/>
									</conditions>
								</line>
								<line number="584" hits="0" branch="false"/>
								<line number="587" hits="0" branch="true" condition-coverage="0% (0/2)">
									<conditions>
										<condition number="0" type="jump" coverage="0%"/>
									</conditions>
								</line>
								<line number="588" hits="0" branch="true" condition-coverage="0% (0/2)">
									<conditions>
										<condition number="0" type="jump" coverage="0%"/>
									</conditions>
								</line>
								<line number="589" hits="0" branch="false"/>
								<line number="591" hits="0" branch="true" condition-coverage="0% (0/2)">
									<conditions>
										<condition number="0" type="jump" coverage="0%"/>
									</conditions>
								</line>
								<line number="592" hits="0" branch="false"/>
								<line number="594" hits="0" branch="true" condition-coverage="0% (0/2)">
									<conditions>
										<condition number="0" type="jump" coverage="0%"/>
									</conditions>
								</line>
								<line number="595" hits="0" branch="false"/>
								<line number="598" hits="0" branch="false"/>
								<line number="604" hits="0" branch="true" condition-coverage="0% (0/2)">
									<conditions>
										<condition number="0" type="jump" coverage="0%"/>
									</conditions>
								</line>
								<line number="605" hits="0" branch="false"/>
								<line number="607" hits="0" branch="true" condition-coverage="0% (0/2)">
									<conditions>
										<condition number="0" type="jump" coverage="0%"/>
									</conditions>
								</line>
								<line number="608" hits="0" branch="false"/>
								<line number="610" hits="0" branch="false"/>
							</lines>
						</method>
						<method name="getParsingContext" signature="()Lcom/fasterxml/jackson/core/JsonStreamContext;" line-rate="0.0" branch-rate="1.0">
							<lines>
								<line number="23" hits="0" branch="false"/>
							</lines>
						</method>
						<method name="getParsingContext" signature="()Lcom/fasterxml/jackson/core/json/JsonReadContext;" line-rate="0.0" branch-rate="1.0">
							<lines>
								<line number="379" hits="0" branch="false"/>
							</lines>
						</method>
						<method name="getTokenCharacterOffset" signature="()J" line-rate="0.0" branch-rate="1.0">
							<lines>
								<line number="440" hits="0" branch="false"/>
							</lines>
						</method>
						<method name="getTokenColumnNr" signature="()I" line-rate="0.0" branch-rate="0.0">
							<lines>
								<line number="444" hits="0" branch="false"/>
								<line number="445" hits="0" branch="true" condition-coverage="0% (0/2)">
									<conditions>
										<condition number="0" type="jump" coverage="0%"/>
									</conditions>
								</line>
							</lines>
						</method>
						<method name="getTokenLineNr" signature="()I" line-rate="0.0" branch-rate="1.0">
							<lines>
								<line number="441" hits="0" branch="false"/>
							</lines>
						</method>
						<method name="getTokenLocation" signature="()Lcom/fasterxml/jackson/core/JsonLocation;" line-rate="0.0" branch-rate="1.0">
							<lines>
								<line number="388" hits="0" branch="false"/>
							</lines>
						</method>
						<method name="growArrayBy" signature="([II)[I" line-rate="0.0" branch-rate="0.0">
							<lines>
								<line number="1163" hits="0" branch="true" condition-coverage="0% (0/2)">
									<conditions>
										<condition number="0" type="jump" coverage="0%"/>
									</conditions>
								</line>
								<line number="1164" hits="0" branch="false"/>
								<line number="1166" hits="0" branch="false"/>
							</lines>
						</method>
						<method name="hasTextCharacters" signature="()Z" line-rate="0.0" branch-rate="0.0">
							<lines>
								<line number="414" hits="0" branch="true" condition-coverage="0% (0/2)">
									<conditions>
										<condition number="0" type="jump" coverage="0%"/>
									</conditions>
								</line>
								<line number="415" hits="0" branch="true" condition-coverage="0% (0/2)">
									<conditions>
										<condition number="0" type="jump" coverage="0%"/>
									</conditions>
								</line>
								<line number="416" hits="0" branch="false"/>
							</lines>
						</method>
						<method name="isClosed" signature="()Z" line-rate="0.0" branch-rate="1.0">
							<lines>
								<line number="378" hits="0" branch="false"/>
							</lines>
						</method>
						<method name="isNaN" signature="()Z" line-rate="0.0" branch-rate="0.0">
							<lines>
								<line number="564" hits="0" branch="true" condition-coverage="0% (0/2)">
									<conditions>
										<condition number="0" type="jump" coverage="0%"/>
									</conditions>
								</line>
								<line number="565" hits="0" branch="true" condition-coverage="0% (0/2)">
									<conditions>
										<condition number="0" type="jump" coverage="0%"/>
									</conditions>
								</line>
								<line number="567" hits="0" branch="false"/>
								<line number="568" hits="0" branch="true" condition-coverage="0% (0/4)">
									<conditions>
										<condition number="0" type="jump" coverage="0%"/>
										<condition number="1" type="jump" coverage="0%"/>
									</conditions>
								</line>
								<line number="571" hits="0" branch="false"/>
							</lines>
						</method>
						<method name="loadMore" signature="()Z" line-rate="0.0" branch-rate="1.0">
							<lines>
								<line number="1182" hits="0" branch="false"/>
							</lines>
						</method>
						<method name="loadMoreGuaranteed" signature="()V" line-rate="0.0" branch-rate="0.0">
							<lines>
								<line number="1178" hits="0" branch="true" condition-coverage="0% (0/2)">
									<conditions>
										<condition number="0" type="jump" coverage="0%"/>
									</conditions>
								</line>
								<line number="1179" hits="0" branch="false"/>
							</lines>
						</method>
						<method name="overrideCurrentName" signature="(Ljava/lang/String;)V" line-rate="0.0" branch-rate="0.0">
							<lines>
								<line number="349" hits="0" branch="false"/>
								<line number="350" hits="0" branch="true" condition-coverage="0% (0/4)">
									<conditions>
										<condition number="0" type="jump" coverage="0%"/>
										<condition number="1" type="jump" coverage="0%"/>
									</conditions>
								</line>
								<line number="351" hits="0" branch="false"/>
								<line number="357" hits="0" branch="false"/>
								<line number="358" hits="0" branch="false"/>
								<line number="359" hits="0" branch="false"/>
								<line number="360" hits="0" branch="false"/>
								<line number="361" hits="0" branch="false"/>
							</lines>
						</method>
						<method name="overrideStdFeatures" signature="(II)Lcom/fasterxml/jackson/core/JsonParser;" line-rate="0.0" branch-rate="0.0">
							<lines>
								<line number="292" hits="0" branch="false"/>
								<line number="293" hits="0" branch="false"/>
								<line number="294" hits="0" branch="false"/>
								<line number="295" hits="0" branch="true" condition-coverage="0% (0/2)">
									<conditions>
										<condition number="0" type="jump" coverage="0%"/>
									</conditions>
								</line>
								<line number="296" hits="0" branch="false"/>
								<line number="297" hits="0" branch="false"/>
								<line number="299" hits="0" branch="false"/>
							</lines>
						</method>
						<method name="reportInvalidBase64Char" signature="(Lcom/fasterxml/jackson/core/Base64Variant;II)Ljava/lang/IllegalArgumentException;" line-rate="0.0" branch-rate="1.0">
							<lines>
								<line number="1110" hits="0" branch="false"/>
							</lines>
						</method>
						<method name="reportInvalidBase64Char" signature="(Lcom/fasterxml/jackson/core/Base64Variant;IILjava/lang/String;)Ljava/lang/IllegalArgumentException;" line-rate="0.0" branch-rate="0.0">
							<lines>
								<line number="1119" hits="0" branch="true" condition-coverage="0% (0/2)">
									<conditions>
										<condition number="0" type="jump" coverage="0%"/>
									</conditions>
								</line>
								<line number="1120" hits="0" branch="false"/>
								<line number="1122" hits="0" branch="true" condition-coverage="0% (0/2)">
									<conditions>
										<condition number="0" type="jump" coverage="0%"/>
									</conditions>
								</line>
								<line number="1123" hits="0" branch="false"/>
								<line number="1124" hits="0" branch="true" condition-coverage="0% (0/4)">
									<conditions>
										<condition number="0" type="jump" coverage="0%"/>
										<condition number="1" type="jump" coverage="0%"/>
									</conditions>
								</line>
								<line number="1126" hits="0" branch="false"/>
								<line number="1128" hits="0" branch="false"/>
								<line number="1130" hits="0" branch="true" condition-coverage="0% (0/2)">
									<conditions>
										<condition number="0" type="jump" coverage="0%"/>
									</conditions>
								</line>
								<line number="1131" hits="0" branch="false"/>
								<line number="1133" hits="0" branch="false"/>
							</lines>
						</method>
						<method name="reset" signature="(ZIII)Lcom/fasterxml/jackson/core/JsonToken;" line-rate="0.0" branch-rate="0.0">
							<lines>
								<line number="528" hits="0" branch="true" condition-coverage="0% (0/4)">
									<conditions>
										<condition number="0" type="jump" coverage="0%"/>
										<condition number="1" type="jump" coverage="0%"/>
									</conditions>
								</line>
								<line number="529" hits="0" branch="false"/>
								<line number="531" hits="0" branch="false"/>
							</lines>
						</method>
						<method name="resetAsNaN" signature="(Ljava/lang/String;D)Lcom/fasterxml/jackson/core/JsonToken;" line-rate="0.0" branch-rate="1.0">
							<lines>
								<line number="556" hits="0" branch="false"/>
								<line number="557" hits="0" branch="false"/>
								<line number="558" hits="0" branch="false"/>
								<line number="559" hits="0" branch="false"/>
							</lines>
						</method>
						<method name="resetFloat" signature="(ZIII)Lcom/fasterxml/jackson/core/JsonToken;" line-rate="0.0" branch-rate="1.0">
							<lines>
								<line number="546" hits="0" branch="false"/>
								<line number="547" hits="0" branch="false"/>
								<line number="548" hits="0" branch="false"/>
								<line number="549" hits="0" branch="false"/>
								<line number="550" hits="0" branch="false"/>
								<line number="551" hits="0" branch="false"/>
							</lines>
						</method>
						<method name="resetInt" signature="(ZI)Lcom/fasterxml/jackson/core/JsonToken;" line-rate="0.0" branch-rate="1.0">
							<lines>
								<line number="536" hits="0" branch="false"/>
								<line number="537" hits="0" branch="false"/>
								<line number="538" hits="0" branch="false"/>
								<line number="539" hits="0" branch="false"/>
								<line number="540" hits="0" branch="false"/>
								<line number="541" hits="0" branch="false"/>
							</lines>
						</method>
						<method name="setCurrentValue" signature="(Ljava/lang/Object;)V" line-rate="0.0" branch-rate="1.0">
							<lines>
								<line number="250" hits="0" branch="false"/>
								<line number="251" hits="0" branch="false"/>
							</lines>
						</method>
						<method name="setFeatureMask" signature="(I)Lcom/fasterxml/jackson/core/JsonParser;" line-rate="0.0" branch-rate="0.0">
							<lines>
								<line number="282" hits="0" branch="false"/>
								<line number="283" hits="0" branch="true" condition-coverage="0% (0/2)">
									<conditions>
										<condition number="0" type="jump" coverage="0%"/>
									</conditions>
								</line>
								<line number="284" hits="0" branch="false"/>
								<line number="285" hits="0" branch="false"/>
								<line number="287" hits="0" branch="false"/>
							</lines>
						</method>
						<method name="version" signature="()Lcom/fasterxml/jackson/core/Version;" line-rate="0.0" branch-rate="1.0">
							<lines>
								<line number="241" hits="0" branch="false"/>
							</lines>
						</method>
					</methods>
					<lines>
						<line number="23" hits="0" branch="false"/>
						<line number="78" hits="4" branch="false"/>
						<line number="107" hits="4" branch="false"/>
						<line number="182" hits="4" branch="false"/>
						<line number="233" hits="4" branch="false"/>
						<line number="234" hits="4" branch="false"/>
						<line number="235" hits="4" branch="false"/>
						<line number="236" hits="4" branch="true" condition-coverage="50% (1/2)">
							<conditions>
								<condition number="0" type="jump" coverage="50%"/>
							</conditions>
						</line>
						<line number="238" hits="4" branch="false"/>
						<line number="239" hits="4" branch="false"/>
						<line number="241" hits="0" branch="false"/>
						<line number="245" hits="0" branch="false"/>
						<line number="250" hits="0" branch="false"/>
						<line number="251" hits="0" branch="false"/>
						<line number="261" hits="0" branch="false"/>
						<line number="262" hits="0" branch="true" condition-coverage="0% (0/2)">
							<conditions>
								<condition number="0" type="jump" coverage="0%"/>
							</conditions>
						</line>
						<line number="263" hits="0" branch="true" condition-coverage="0% (0/2)">
							<conditions>
								<condition number="0" type="jump" coverage="0%"/>
							</conditions>
						</line>
						<line number="264" hits="0" branch="false"/>
						<line number="267" hits="0" branch="false"/>
						<line number="272" hits="0" branch="false"/>
						<line number="273" hits="0" branch="true" condition-coverage="0% (0/2)">
							<conditions>
								<condition number="0" type="jump" coverage="0%"/>
							</conditions>
						</line>
						<line number="274" hits="0" branch="false"/>
						<line number="276" hits="0" branch="false"/>
						<line number="282" hits="0" branch="false"/>
						<line number="283" hits="0" branch="true" condition-coverage="0% (0/2)">
							<conditions>
								<condition number="0" type="jump" coverage="0%"/>
							</conditions>
						</line>
						<line number="284" hits="0" branch="false"/>
						<line number="285" hits="0" branch="false"/>
						<line number="287" hits="0" branch="false"/>
						<line number="292" hits="0" branch="false"/>
						<line number="293" hits="0" branch="false"/>
						<line number="294" hits="0" branch="false"/>
						<line number="295" hits="0" branch="true" condition-coverage="0% (0/2)">
							<conditions>
								<condition number="0" type="jump" coverage="0%"/>
							</conditions>
						</line>
						<line number="296" hits="0" branch="false"/>
						<line number="297" hits="0" branch="false"/>
						<line number="299" hits="0" branch="false"/>
						<line number="313" hits="0" branch="false"/>
						<line number="315" hits="0" branch="true" condition-coverage="0% (0/2)">
							<conditions>
								<condition number="0" type="jump" coverage="0%"/>
							</conditions>
						</line>
						<line number="316" hits="0" branch="true" condition-coverage="0% (0/2)">
							<conditions>
								<condition number="0" type="jump" coverage="0%"/>
							</conditions>
						</line>
						<line number="317" hits="0" branch="true" condition-coverage="0% (0/2)">
							<conditions>
								<condition number="0" type="jump" coverage="0%"/>
							</conditions>
						</line>
						<line number="318" hits="0" branch="false"/>
						<line number="320" hits="0" branch="false"/>
						<line number="324" hits="0" branch="false"/>
						<line number="338" hits="0" branch="true" condition-coverage="0% (0/4)">
							<conditions>
								<condition number="0" type="jump" coverage="0%"/>
								<condition number="1" type="jump" coverage="0%"/>
							</conditions>
						</line>
						<line number="339" hits="0" branch="false"/>
						<line number="340" hits="0" branch="true" condition-coverage="0% (0/2)">
							<conditions>
								<condition number="0" type="jump" coverage="0%"/>
							</conditions>
						</line>
						<line number="341" hits="0" branch="false"/>
						<line number="344" hits="0" branch="false"/>
						<line number="349" hits="0" branch="false"/>
						<line number="350" hits="0" branch="true" condition-coverage="0% (0/4)">
							<conditions>
								<condition number="0" type="jump" coverage="0%"/>
								<condition number="1" type="jump" coverage="0%"/>
							</conditions>
						</line>
						<line number="351" hits="0" branch="false"/>
						<line number="357" hits="0" branch="false"/>
						<line number="358" hits="0" branch="false"/>
						<line number="359" hits="0" branch="false"/>
						<line number="360" hits="0" branch="false"/>
						<line number="361" hits="0" branch="false"/>
						<line number="364" hits="4" branch="true" condition-coverage="50% (1/2)">
							<conditions>
								<condition number="0" type="jump" coverage="50%"/>
							</conditions>
						</line>
						<line number="366" hits="4" branch="false"/>
						<line number="367" hits="4" branch="false"/>
						<line number="369" hits="4" branch="false"/>
						<line number="373" hits="4" branch="false"/>
						<line number="374" hits="4" branch="false"/>
						<line number="376" hits="4" branch="false"/>
						<line number="378" hits="0" branch="false"/>
						<line number="379" hits="0" branch="false"/>
						<line number="388" hits="0" branch="false"/>
						<line number="400" hits="0" branch="false"/>
						<line number="401" hits="0" branch="false"/>
						<line number="414" hits="0" branch="true" condition-coverage="0% (0/2)">
							<conditions>
								<condition number="0" type="jump" coverage="0%"/>
							</conditions>
						</line>
						<line number="415" hits="0" branch="true" condition-coverage="0% (0/2)">
							<conditions>
								<condition number="0" type="jump" coverage="0%"/>
							</conditions>
						</line>
						<line number="416" hits="0" branch="false"/>
						<line number="423" hits="0" branch="true" condition-coverage="0% (0/2)">
							<conditions>
								<condition number="0" type="jump" coverage="0%"/>
							</conditions>
						</line>
						<line number="424" hits="0" branch="true" condition-coverage="0% (0/2)">
							<conditions>
								<condition number="0" type="jump" coverage="0%"/>
							</conditions>
						</line>
						<line number="425" hits="0" branch="false"/>
						<line number="427" hits="0" branch="false"/>
						<line number="428" hits="0" branch="false"/>
						<line number="429" hits="0" branch="false"/>
						<line number="431" hits="0" branch="false"/>
						<line number="440" hits="0" branch="false"/>
						<line number="441" hits="0" branch="false"/>
						<line number="444" hits="0" branch="false"/>
						<line number="445" hits="0" branch="true" condition-coverage="0% (0/2)">
							<conditions>
								<condition number="0" type="jump" coverage="0%"/>
							</conditions>
						</line>
						<line number="469" hits="4" branch="false"/>
						<line number="470" hits="4" branch="false"/>
						<line number="471" hits="4" branch="true" condition-coverage="50% (1/2)">
							<conditions>
								<condition number="0" type="jump" coverage="50%"/>
							</conditions>
						</line>
						<line number="472" hits="0" branch="false"/>
						<line number="473" hits="0" branch="false"/>
						<line number="475" hits="4" branch="false"/>
						<line number="484" hits="0" branch="true" condition-coverage="0% (0/2)">
							<conditions>
								<condition number="0" type="jump" coverage="0%"/>
							</conditions>
						</line>
						<line number="485" hits="0" branch="true" condition-coverage="0% (0/2)">
							<conditions>
								<condition number="0" type="jump" coverage="0%"/>
							</conditions>
						</line>
						<line number="486" hits="0" branch="false"/>
						<line number="492" hits="0" branch="false"/>
						<line number="498" hits="0" branch="false"/>
						<line number="499" hits="0" branch="false"/>
						<line number="510" hits="0" branch="true" condition-coverage="0% (0/2)">
							<conditions>
								<condition number="0" type="jump" coverage="0%"/>
							</conditions>
						</line>
						<line number="511" hits="0" branch="false"/>
						<line number="513" hits="0" branch="false"/>
						<line number="515" hits="0" branch="false"/>
						<line number="528" hits="0" branch="true" condition-coverage="0% (0/4)">
							<conditions>
								<condition number="0" type="jump" coverage="0%"/>
								<condition number="1" type="jump" coverage="0%"/>
							</conditions>
						</line>
						<line number="529" hits="0" branch="false"/>
						<line number="531" hits="0" branch="false"/>
						<line number="536" hits="0" branch="false"/>
						<line number="537" hits="0" branch="false"/>
						<line number="538" hits="0" branch="false"/>
						<line number="539" hits="0" branch="false"/>
						<line number="540" hits="0" branch="false"/>
						<line number="541" hits="0" branch="false"/>
						<line number="546" hits="0" branch="false"/>
						<line number="547" hits="0" branch="false"/>
						<line number="548" hits="0" branch="false"/>
						<line number="549" hits="0" branch="false"/>
						<line number="550" hits="0" branch="false"/>
						<line number="551" hits="0" branch="false"/>
						<line number="556" hits="0" branch="false"/>
						<line number="557" hits="0" branch="false"/>
						<line number="558" hits="0" branch="false"/>
						<line number="559" hits="0" branch="false"/>
						<line number="564" hits="0" branch="true" condition-coverage="0% (0/2)">
							<conditions>
								<condition number="0" type="jump" coverage="0%"/>
							</conditions>
						</line>
						<line number="565" hits="0" branch="true" condition-coverage="0% (0/2)">
							<conditions>
								<condition number="0" type="jump" coverage="0%"/>
							</conditions>
						</line>
						<line number="567" hits="0" branch="false"/>
						<line number="568" hits="0" branch="true" condition-coverage="0% (0/4)">
							<conditions>
								<condition number="0" type="jump" coverage="0%"/>
								<condition number="1" type="jump" coverage="0%"/>
							</conditions>
						</line>
						<line number="571" hits="0" branch="false"/>
						<line number="583" hits="0" branch="true" condition-coverage="0% (0/2)">
							<conditions>
								<condition number="0" type="jump" coverage="0%"/>
							</conditions>
						</line>
						<line number="584" hits="0" branch="false"/>
						<line number="587" hits="0" branch="true" condition-coverage="0% (0/2)">
							<conditions>
								<condition number="0" type="jump" coverage="0%"/>
							</conditions>
						</line>
						<line number="588" hits="0" branch="true" condition-coverage="0% (0/2)">
							<conditions>
								<condition number="0" type="jump" coverage="0%"/>
							</conditions>
						</line>
						<line number="589" hits="0" branch="false"/>
						<line number="591" hits="0" branch="true" condition-coverage="0% (0/2)">
							<conditions>
								<condition number="0" type="jump" coverage="0%"/>
							</conditions>
						</line>
						<line number="592" hits="0" branch="false"/>
						<line number="594" hits="0" branch="true" condition-coverage="0% (0/2)">
							<conditions>
								<condition number="0" type="jump" coverage="0%"/>
							</conditions>
						</line>
						<line number="595" hits="0" branch="false"/>
						<line number="598" hits="0" branch="false"/>
						<line number="604" hits="0" branch="true" condition-coverage="0% (0/2)">
							<conditions>
								<condition number="0" type="jump" coverage="0%"/>
							</conditions>
						</line>
						<line number="605" hits="0" branch="false"/>
						<line number="607" hits="0" branch="true" condition-coverage="0% (0/2)">
							<conditions>
								<condition number="0" type="jump" coverage="0%"/>
							</conditions>
						</line>
						<line number="608" hits="0" branch="false"/>
						<line number="610" hits="0" branch="false"/>
						<line number="616" hits="0" branch="true" condition-coverage="0% (0/2)">
							<conditions>
								<condition number="0" type="jump" coverage="0%"/>
							</conditions>
						</line>
						<line number="617" hits="0" branch="false"/>
						<line number="619" hits="0" branch="true" condition-coverage="0% (0/2)">
							<conditions>
								<condition number="0" type="jump" coverage="0%"/>
							</conditions>
						</line>
						<line number="620" hits="0" branch="true" condition-coverage="0% (0/2)">
							<conditions>
								<condition number="0" type="jump" coverage="0%"/>
							</conditions>
						</line>
						<line number="621" hits="0" branch="false"/>
						<line number="623" hits="0" branch="true" condition-coverage="0% (0/2)">
							<conditions>
								<condition number="0" type="jump" coverage="0%"/>
							</conditions>
						</line>
						<line number="624" hits="0" branch="false"/>
						<line number="626" hits="0" branch="false"/>
						<line number="635" hits="0" branch="true" condition-coverage="0% (0/2)">
							<conditions>
								<condition number="0" type="jump" coverage="0%"/>
							</conditions>
						</line>
						<line number="636" hits="0" branch="false"/>
						<line number="638" hits="0" branch="false"/>
						<line number="644" hits="1" branch="true" condition-coverage="50% (1/2)">
							<conditions>
								<condition number="0" type="jump" coverage="50%"/>
							</conditions>
						</line>
						<line number="645" hits="1" branch="true" condition-coverage="50% (1/2)">
							<conditions>
								<condition number="0" type="jump" coverage="50%"/>
							</conditions>
						</line>
						<line number="646" hits="1" branch="false"/>
						<line number="648" hits="0" branch="true" condition-coverage="0% (0/2)">
							<conditions>
								<condition number="0" type="jump" coverage="0%"/>
							</conditions>
						</line>
						<line number="649" hits="0" branch="false"/>
						<line number="652" hits="0" branch="false"/>
						<line number="658" hits="4" branch="true" condition-coverage="100% (2/2)">
							<conditions>
								<condition number="0" type="jump" coverage="100%"/>
							</conditions>
						</line>
						<line number="659" hits="3" branch="true" condition-coverage="50% (1/2)">
							<conditions>
								<condition number="0" type="jump" coverage="50%"/>
							</conditions>
						</line>
						<line number="660" hits="0" branch="false"/>
						<line number="662" hits="3" branch="true" condition-coverage="50% (1/2)">
							<conditions>
								<condition number="0" type="jump" coverage="50%"/>
							</conditions>
						</line>
						<line number="663" hits="3" branch="false"/>
						<line number="666" hits="4" branch="false"/>
						<line number="672" hits="1" branch="true" condition-coverage="50% (1/2)">
							<conditions>
								<condition number="0" type="jump" coverage="50%"/>
							</conditions>
						</line>
						<line number="673" hits="1" branch="true" condition-coverage="50% (1/2)">
							<conditions>
								<condition number="0" type="jump" coverage="50%"/>
							</conditions>
						</line>
						<line number="674" hits="1" branch="false"/>
						<line number="676" hits="1" branch="true" condition-coverage="50% (1/2)">
							<conditions>
								<condition number="0" type="jump" coverage="50%"/>
							</conditions>
						</line>
						<line number="677" hits="1" branch="false"/>
						<line number="680" hits="1" branch="false"/>
						<line number="686" hits="0" branch="false"/>
						<line number="695" hits="0" branch="false"/>
						<line number="701" hits="1" branch="true" condition-coverage="50% (1/2)">
							<conditions>
								<condition number="0" type="jump" coverage="50%"/>
							</conditions>
						</line>
						<line number="702" hits="1" branch="true" condition-coverage="50% (1/2)">
							<conditions>
								<condition number="0" type="jump" coverage="50%"/>
							</conditions>
						</line>
						<line number="703" hits="1" branch="false"/>
						<line number="705" hits="1" branch="true" condition-coverage="50% (1/2)">
							<conditions>
								<condition number="0" type="jump" coverage="50%"/>
							</conditions>
						</line>
						<line number="706" hits="1" branch="false"/>
						<line number="709" hits="1" branch="false"/>
						<line number="715" hits="1" branch="true" condition-coverage="50% (1/2)">
							<conditions>
								<condition number="0" type="jump" coverage="50%"/>
							</conditions>
						</line>
						<line number="716" hits="1" branch="true" condition-coverage="50% (1/2)">
							<conditions>
								<condition number="0" type="jump" coverage="50%"/>
							</conditions>
						</line>
						<line number="717" hits="1" branch="false"/>
						<line number="719" hits="1" branch="true" condition-coverage="50% (1/2)">
							<conditions>
								<condition number="0" type="jump" coverage="50%"/>
							</conditions>
						</line>
						<line number="720" hits="1" branch="false"/>
						<line number="723" hits="1" branch="false"/>
						<line number="744" hits="3" branch="true" condition-coverage="50% (1/2)">
							<conditions>
								<condition number="0" type="jump" coverage="50%"/>
							</conditions>
						</line>
						<line number="745" hits="3" branch="false"/>
						<line number="747" hits="3" branch="true" condition-coverage="100% (2/2)">
							<conditions>
								<condition number="0" type="jump" coverage="100%"/>
							</conditions>
						</line>
						<line number="748" hits="2" branch="false"/>
						<line number="749" hits="2" branch="false"/>
						<line number="750" hits="2" branch="false"/>
						<line number="751" hits="2" branch="false"/>
						<line number="753" hits="1" branch="true" condition-coverage="50% (1/2)">
							<conditions>
								<condition number="0" type="jump" coverage="50%"/>
							</conditions>
						</line>
						<line number="754" hits="1" branch="false"/>
						<line number="756" hits="1" branch="true" condition-coverage="50% (1/2)">
							<conditions>
								<condition number="0" type="jump" coverage="50%"/>
							</conditions>
						</line>
						<line number="757" hits="0" branch="true" condition-coverage="0% (0/2)">
							<conditions>
								<condition number="0" type="jump" coverage="0%"/>
							</conditions>
						</line>
						<line number="758" hits="0" branch="true" condition-coverage="0% (0/2)">
							<conditions>
								<condition number="0" type="jump" coverage="0%"/>
							</conditions>
						</line>
						<line number="759" hits="0" branch="false"/>
						<line number="760" hits="0" branch="false"/>
						<line number="761" hits="0" branch="false"/>
						<line number="764" hits="0" branch="true" condition-coverage="0% (0/2)">
							<conditions>
								<condition number="0" type="jump" coverage="0%"/>
							</conditions>
						</line>
						<line number="765" hits="0" branch="false"/>
						<line number="766" hits="0" branch="false"/>
						<line number="767" hits="0" branch="false"/>
						<line number="771" hits="1" branch="false"/>
						<line number="772" hits="1" branch="false"/>
						<line number="773" hits="1" branch="false"/>
						<line number="775" hits="0" branch="false"/>
						<line number="776" hits="0" branch="false"/>
						<line number="778" hits="0" branch="true" condition-coverage="0% (0/2)">
							<conditions>
								<condition number="0" type="jump" coverage="0%"/>
							</conditions>
						</line>
						<line number="779" hits="0" branch="false"/>
						<line number="780" hits="0" branch="false"/>
						<line number="782" hits="0" branch="false"/>
						<line number="783" hits="0" branch="false"/>
						<line number="791" hits="1" branch="true" condition-coverage="50% (1/2)">
							<conditions>
								<condition number="0" type="jump" coverage="50%"/>
							</conditions>
						</line>
						<line number="792" hits="1" branch="true" condition-coverage="50% (1/2)">
							<conditions>
								<condition number="0" type="jump" coverage="50%"/>
							</conditions>
						</line>
						<line number="793" hits="1" branch="false"/>
						<line number="794" hits="1" branch="false"/>
						<line number="795" hits="1" branch="false"/>
						<line number="796" hits="1" branch="false"/>
						<line number="800" hits="0" branch="false"/>
						<line number="801" hits="0" branch="true" condition-coverage="0% (0/2)">
							<conditions>
								<condition number="0" type="jump" coverage="0%"/>
							</conditions>
						</line>
						<line number="802" hits="0" branch="false"/>
						<line number="804" hits="0" branch="false"/>
						<line number="817" hits="0" branch="true" condition-coverage="0% (0/2)">
							<conditions>
								<condition number="0" type="jump" coverage="0%"/>
							</conditions>
						</line>
						<line number="818" hits="0" branch="false"/>
						<line number="819" hits="0" branch="false"/>
						<line number="822" hits="0" branch="false"/>
						<line number="823" hits="0" branch="false"/>
						<line number="825" hits="0" branch="false"/>
						<line number="827" hits="0" branch="false"/>
						<line number="828" hits="0" branch="false"/>
						<line number="829" hits="0" branch="false"/>
						<line number="833" hits="0" branch="false"/>
						<line number="835" hits="0" branch="false"/>
						<line number="836" hits="0" branch="false"/>
						<line number="837" hits="0" branch="false"/>
						<line number="838" hits="0" branch="true" condition-coverage="0% (0/2)">
							<conditions>
								<condition number="0" type="jump" coverage="0%"/>
							</conditions>
						</line>
						<line number="839" hits="0" branch="false"/>
						<line number="842" hits="0" branch="true" condition-coverage="0% (0/2)">
							<conditions>
								<condition number="0" type="jump" coverage="0%"/>
							</conditions>
						</line>
						<line number="844" hits="0" branch="false"/>
						<line number="845" hits="0" branch="false"/>
						<line number="848" hits="0" branch="true" condition-coverage="0% (0/4)">
							<conditions>
								<condition number="0" type="jump" coverage="0%"/>
								<condition number="1" type="jump" coverage="0%"/>
							</conditions>
						</line>
						<line number="849" hits="0" branch="false"/>
						<line number="851" hits="0" branch="true" condition-coverage="0% (0/4)">
							<conditions>
								<condition number="0" type="jump" coverage="0%"/>
								<condition number="1" type="jump" coverage="0%"/>
							</conditions>
						</line>
						<line number="852" hits="0" branch="false"/>
						<line number="853" hits="0" branch="false"/>
						<line number="856" hits="0" branch="false"/>
						<line number="857" hits="0" branch="false"/>
						<line number="860" hits="0" branch="false"/>
						<line number="862" hits="0" branch="false"/>
						<line number="863" hits="0" branch="false"/>
						<line number="864" hits="0" branch="false"/>
						<line number="869" hits="0" branch="false"/>
						<line number="870" hits="0" branch="true" condition-coverage="0% (0/2)">
							<conditions>
								<condition number="0" type="jump" coverage="0%"/>
							</conditions>
						</line>
						<line number="872" hits="0" branch="false"/>
						<line number="883" hits="0" branch="true" condition-coverage="0% (0/2)">
							<conditions>
								<condition number="0" type="jump" coverage="0%"/>
							</conditions>
						</line>
						<line number="885" hits="0" branch="false"/>
						<line number="886" hits="0" branch="true" condition-coverage="0% (0/2)">
							<conditions>
								<condition number="0" type="jump" coverage="0%"/>
							</conditions>
						</line>
						<line number="887" hits="0" branch="false"/>
						<line number="889" hits="0" branch="false"/>
						<line number="890" hits="0" branch="true" condition-coverage="0% (0/2)">
							<conditions>
								<condition number="0" type="jump" coverage="0%"/>
							</conditions>
						</line>
						<line number="891" hits="0" branch="true" condition-coverage="0% (0/4)">
							<conditions>
								<condition number="0" type="jump" coverage="0%"/>
								<condition number="1" type="jump" coverage="0%"/>
							</conditions>
						</line>
						<line number="893" hits="0" branch="false"/>
						<line number="895" hits="0" branch="false"/>
						<line number="896" hits="0" branch="true" condition-coverage="0% (0/2)">
							<conditions>
								<condition number="0" type="jump" coverage="0%"/>
							</conditions>
						</line>
						<line number="898" hits="0" branch="true" condition-coverage="0% (0/4)">
							<conditions>
								<condition number="0" type="jump" coverage="0%"/>
								<condition number="1" type="jump" coverage="0%"/>
							</conditions>
						</line>
						<line number="899" hits="0" branch="false"/>
						<line number="901" hits="0" branch="false"/>
						<line number="902" hits="0" branch="true" condition-coverage="0% (0/2)">
							<conditions>
								<condition number="0" type="jump" coverage="0%"/>
							</conditions>
						</line>
						<line number="903" hits="0" branch="true" condition-coverage="0% (0/4)">
							<conditions>
								<condition number="0" type="jump" coverage="0%"/>
								<condition number="1" type="jump" coverage="0%"/>
							</conditions>
						</line>
						<line number="905" hits="0" branch="false"/>
						<line number="907" hits="0" branch="false"/>
						<line number="909" hits="0" branch="false"/>
						<line number="911" hits="0" branch="false"/>
						<line number="912" hits="0" branch="false"/>
						<line number="916" hits="3" branch="true" condition-coverage="50% (1/2)">
							<conditions>
								<condition number="0" type="jump" coverage="50%"/>
							</conditions>
						</line>
						<line number="917" hits="3" branch="false"/>
						<line number="918" hits="0" branch="true" condition-coverage="0% (0/2)">
							<conditions>
								<condition number="0" type="jump" coverage="0%"/>
							</conditions>
						</line>
						<line number="919" hits="0" branch="true" condition-coverage="0% (0/4)">
							<conditions>
								<condition number="0" type="jump" coverage="0%"/>
								<condition number="1" type="jump" coverage="0%"/>
							</conditions>
						</line>
						<line number="921" hits="0" branch="false"/>
						<line number="923" hits="0" branch="false"/>
						<line number="924" hits="0" branch="true" condition-coverage="0% (0/2)">
							<conditions>
								<condition number="0" type="jump" coverage="0%"/>
							</conditions>
						</line>
						<line number="926" hits="0" branch="true" condition-coverage="0% (0/4)">
							<conditions>
								<condition number="0" type="jump" coverage="0%"/>
								<condition number="1" type="jump" coverage="0%"/>
							</conditions>
						</line>
						<line number="927" hits="0" branch="false"/>
						<line number="929" hits="0" branch="false"/>
						<line number="930" hits="0" branch="true" condition-coverage="0% (0/2)">
							<conditions>
								<condition number="0" type="jump" coverage="0%"/>
							</conditions>
						</line>
						<line number="931" hits="0" branch="true" condition-coverage="0% (0/4)">
							<conditions>
								<condition number="0" type="jump" coverage="0%"/>
								<condition number="1" type="jump" coverage="0%"/>
							</conditions>
						</line>
						<line number="933" hits="0" branch="false"/>
						<line number="935" hits="0" branch="false"/>
						<line number="937" hits="0" branch="false"/>
						<line number="939" hits="3" branch="false"/>
						<line number="940" hits="3" branch="false"/>
						<line number="944" hits="1" branch="true" condition-coverage="50% (1/2)">
							<conditions>
								<condition number="0" type="jump" coverage="50%"/>
							</conditions>
						</line>
						<line number="946" hits="0" branch="false"/>
						<line number="947" hits="1" branch="true" condition-coverage="50% (1/2)">
							<conditions>
								<condition number="0" type="jump" coverage="50%"/>
							</conditions>
						</line>
						<line number="948" hits="1" branch="false"/>
						<line number="949" hits="0" branch="true" condition-coverage="0% (0/2)">
							<conditions>
								<condition number="0" type="jump" coverage="0%"/>
							</conditions>
						</line>
						<line number="950" hits="0" branch="false"/>
						<line number="951" hits="0" branch="true" condition-coverage="0% (0/2)">
							<conditions>
								<condition number="0" type="jump" coverage="0%"/>
							</conditions>
						</line>
						<line number="952" hits="0" branch="false"/>
						<line number="954" hits="0" branch="false"/>
						<line number="956" hits="1" branch="false"/>
						<line number="957" hits="1" branch="false"/>
						<line number="967" hits="1" branch="true" condition-coverage="50% (1/2)">
							<conditions>
								<condition number="0" type="jump" coverage="50%"/>
							</conditions>
						</line>
						<line number="968" hits="0" branch="false"/>
						<line number="969" hits="1" branch="true" condition-coverage="50% (1/2)">
							<conditions>
								<condition number="0" type="jump" coverage="50%"/>
							</conditions>
						</line>
						<line number="970" hits="0" branch="false"/>
						<line number="971" hits="1" branch="true" condition-coverage="50% (1/2)">
							<conditions>
								<condition number="0" type="jump" coverage="50%"/>
							</conditions>
						</line>
						<line number="972" hits="0" branch="false"/>
						<line number="973" hits="1" branch="true" condition-coverage="50% (1/2)">
							<conditions>
								<condition number="0" type="jump" coverage="50%"/>
							</conditions>
						</line>
						<line number="974" hits="1" branch="false"/>
						<line number="976" hits="0" branch="false"/>
						<line number="978" hits="1" branch="false"/>
						<line number="979" hits="1" branch="false"/>
						<line number="989" hits="1" branch="true" condition-coverage="50% (1/2)">
							<conditions>
								<condition number="0" type="jump" coverage="50%"/>
							</conditions>
						</line>
						<line number="993" hits="0" branch="false"/>
						<line number="994" hits="1" branch="true" condition-coverage="50% (1/2)">
							<conditions>
								<condition number="0" type="jump" coverage="50%"/>
							</conditions>
						</line>
						<line number="995" hits="0" branch="false"/>
						<line number="996" hits="1" branch="true" condition-coverage="50% (1/2)">
							<conditions>
								<condition number="0" type="jump" coverage="50%"/>
							</conditions>
						</line>
						<line number="997" hits="0" branch="false"/>
						<line number="998" hits="1" branch="true" condition-coverage="50% (1/2)">
							<conditions>
[...]
									<conditions>
										<condition number="0" type="jump" coverage="0%"/>
									</conditions>
								</line>
								<line number="250" hits="0" branch="false"/>
								<line number="253" hits="0" branch="true" condition-coverage="0% (0/2)">
									<conditions>
										<condition number="0" type="jump" coverage="0%"/>
									</conditions>
								</line>
								<line number="256" hits="0" branch="false"/>
								<line number="259" hits="0" branch="false"/>
							</lines>
						</method>
					</methods>
					<lines>
						<line number="62" hits="1" branch="false"/>
						<line number="67" hits="1" branch="false"/>
						<line number="97" hits="1" branch="false"/>
						<line number="98" hits="1" branch="false"/>
						<line number="100" hits="1" branch="false"/>
						<line number="101" hits="1" branch="false"/>
						<line number="103" hits="1" branch="false"/>
						<line number="104" hits="1" branch="false"/>
						<line number="106" hits="1" branch="false"/>
						<line number="107" hits="1" branch="false"/>
						<line number="159" hits="0" branch="false"/>
						<line number="160" hits="4" branch="false"/>
						<line number="186" hits="0" branch="false"/>
						<line number="188" hits="0" branch="false"/>
						<line number="189" hits="0" branch="true" condition-coverage="0% (0/2)">
							<conditions>
								<condition number="0" type="jump" coverage="0%"/>
							</conditions>
						</line>
						<line number="192" hits="0" branch="false"/>
						<line number="194" hits="0" branch="false"/>
						<line number="195" hits="0" branch="true" condition-coverage="0% (0/2)">
							<conditions>
								<condition number="0" type="jump" coverage="0%"/>
							</conditions>
						</line>
						<line number="198" hits="0" branch="true" condition-coverage="0% (0/2)">
							<conditions>
								<condition number="0" type="jump" coverage="0%"/>
							</conditions>
						</line>
						<line number="200" hits="0" branch="false"/>
						<line number="201" hits="0" branch="true" condition-coverage="0% (0/2)">
							<conditions>
								<condition number="0" type="jump" coverage="0%"/>
							</conditions>
						</line>
						<line number="202" hits="0" branch="true" condition-coverage="0% (0/2)">
							<conditions>
								<condition number="0" type="jump" coverage="0%"/>
							</conditions>
						</line>
						<line number="204" hits="0" branch="true" condition-coverage="0% (0/2)">
							<conditions>
								<condition number="0" type="jump" coverage="0%"/>
							</conditions>
						</line>
						<line number="208" hits="0" branch="true" condition-coverage="0% (0/2)">
							<conditions>
								<condition number="0" type="jump" coverage="0%"/>
							</conditions>
						</line>
						<line number="211" hits="0" branch="true" condition-coverage="0% (0/2)">
							<conditions>
								<condition number="0" type="jump" coverage="0%"/>
							</conditions>
						</line>
						<line number="212" hits="0" branch="true" condition-coverage="0% (0/2)">
							<conditions>
								<condition number="0" type="jump" coverage="0%"/>
							</conditions>
						</line>
						<line number="218" hits="0" branch="false"/>
						<line number="219" hits="0" branch="true" condition-coverage="0% (0/2)">
							<conditions>
								<condition number="0" type="jump" coverage="0%"/>
							</conditions>
						</line>
						<line number="220" hits="0" branch="false"/>
						<line number="222" hits="0" branch="false"/>
						<line number="228" hits="0" branch="true" condition-coverage="0% (0/4)">
							<conditions>
								<condition number="0" type="jump" coverage="0%"/>
								<condition number="1" type="jump" coverage="0%"/>
							</conditions>
						</line>
						<line number="230" hits="0" branch="false"/>
						<line number="232" hits="0" branch="false"/>
						<line number="237" hits="0" branch="false"/>
						<line number="238" hits="0" branch="true" condition-coverage="0% (0/2)">
							<conditions>
								<condition number="0" type="jump" coverage="0%"/>
							</conditions>
						</line>
						<line number="239" hits="0" branch="false"/>
						<line number="244" hits="0" branch="false"/>
						<line number="246" hits="0" branch="true" condition-coverage="0% (0/2)">
							<conditions>
								<condition number="0" type="jump" coverage="0%"/>
							</conditions>
						</line>
						<line number="247" hits="0" branch="false"/>
						<line number="248" hits="0" branch="true" condition-coverage="0% (0/2)">
							<conditions>
								<condition number="0" type="jump" coverage="0%"/>
							</conditions>
						</line>
						<line number="249" hits="0" branch="true" condition-coverage="0% (0/2)">
							<conditions>
								<condition number="0" type="jump" coverage="0%"/>
							</conditions>
						</line>
						<line number="250" hits="0" branch="false"/>
						<line number="253" hits="0" branch="true" condition-coverage="0% (0/2)">
							<conditions>
								<condition number="0" type="jump" coverage="0%"/>
							</conditions>
						</line>
						<line number="256" hits="0" branch="false"/>
						<line number="259" hits="0" branch="false"/>
						<line number="287" hits="0" branch="true" condition-coverage="0% (0/2)">
							<conditions>
								<condition number="0" type="jump" coverage="0%"/>
							</conditions>
						</line>
						<line number="288" hits="0" branch="false"/>
						<line number="289" hits="0" branch="false"/>
						<line number="291" hits="0" branch="false"/>
						<line number="293" hits="0" branch="false"/>
						<line number="326" hits="0" branch="false"/>
						<line number="327" hits="0" branch="true" condition-coverage="0% (0/2)">
							<conditions>
								<condition number="0" type="jump" coverage="0%"/>
							</conditions>
						</line>
						<line number="328" hits="0" branch="true" condition-coverage="0% (0/6)">
							<conditions>
								<condition number="0" type="switch" coverage="0%"/>
							</conditions>
						</line>
						<line number="330" hits="0" branch="false"/>
						<line number="331" hits="0" branch="true" condition-coverage="0% (0/2)">
							<conditions>
								<condition number="0" type="jump" coverage="0%"/>
							</conditions>
						</line>
						<line number="332" hits="0" branch="false"/>
						<line number="334" hits="0" branch="true" condition-coverage="0% (0/2)">
							<conditions>
								<condition number="0" type="jump" coverage="0%"/>
							</conditions>
						</line>
						<line number="335" hits="0" branch="false"/>
						<line number="337" hits="0" branch="true" condition-coverage="0% (0/2)">
							<conditions>
								<condition number="0" type="jump" coverage="0%"/>
							</conditions>
						</line>
						<line number="338" hits="0" branch="false"/>
						<line number="342" hits="0" branch="true" condition-coverage="0% (0/2)">
							<conditions>
								<condition number="0" type="jump" coverage="0%"/>
							</conditions>
						</line>
						<line number="344" hits="0" branch="false"/>
						<line number="347" hits="0" branch="false"/>
						<line number="349" hits="0" branch="false"/>
						<line number="350" hits="0" branch="true" condition-coverage="0% (0/2)">
							<conditions>
								<condition number="0" type="jump" coverage="0%"/>
							</conditions>
						</line>
						<line number="351" hits="0" branch="false"/>
						<line number="357" hits="0" branch="false"/>
						<line number="363" hits="0" branch="false"/>
						<line number="364" hits="0" branch="true" condition-coverage="0% (0/4)">
							<conditions>
								<condition number="0" type="jump" coverage="0%"/>
								<condition number="1" type="jump" coverage="0%"/>
							</conditions>
						</line>
						<line number="365" hits="0" branch="false"/>
						<line number="367" hits="0" branch="false"/>
						<line number="373" hits="0" branch="false"/>
						<line number="374" hits="0" branch="true" condition-coverage="0% (0/4)">
							<conditions>
								<condition number="0" type="jump" coverage="0%"/>
								<condition number="1" type="jump" coverage="0%"/>
							</conditions>
						</line>
						<line number="375" hits="0" branch="false"/>
						<line number="377" hits="0" branch="true" condition-coverage="0% (0/2)">
							<conditions>
								<condition number="0" type="jump" coverage="0%"/>
							</conditions>
						</line>
						<line number="378" hits="0" branch="true" condition-coverage="0% (0/6)">
							<conditions>
								<condition number="0" type="switch" coverage="0%"/>
							</conditions>
						</line>
						<line number="380" hits="0" branch="false"/>
						<line number="381" hits="0" branch="true" condition-coverage="0% (0/2)">
							<conditions>
								<condition number="0" type="jump" coverage="0%"/>
							</conditions>
						</line>
						<line number="382" hits="0" branch="false"/>
						<line number="384" hits="0" branch="false"/>
						<line number="386" hits="0" branch="false"/>
						<line number="388" hits="0" branch="false"/>
						<line number="390" hits="0" branch="false"/>
						<line number="392" hits="0" branch="false"/>
						<line number="393" hits="0" branch="true" condition-coverage="0% (0/2)">
							<conditions>
								<condition number="0" type="jump" coverage="0%"/>
							</conditions>
						</line>
						<line number="394" hits="0" branch="false"/>
						<line number="398" hits="0" branch="false"/>
						<line number="404" hits="0" branch="false"/>
						<line number="405" hits="0" branch="true" condition-coverage="0% (0/4)">
							<conditions>
								<condition number="0" type="jump" coverage="0%"/>
								<condition number="1" type="jump" coverage="0%"/>
							</conditions>
						</line>
						<line number="406" hits="0" branch="false"/>
						<line number="408" hits="0" branch="false"/>
						<line number="414" hits="0" branch="false"/>
						<line number="415" hits="0" branch="true" condition-coverage="0% (0/4)">
							<conditions>
								<condition number="0" type="jump" coverage="0%"/>
								<condition number="1" type="jump" coverage="0%"/>
							</conditions>
						</line>
						<line number="416" hits="0" branch="false"/>
						<line number="418" hits="0" branch="true" condition-coverage="0% (0/2)">
							<conditions>
								<condition number="0" type="jump" coverage="0%"/>
							</conditions>
						</line>
						<line number="419" hits="0" branch="true" condition-coverage="0% (0/5)">
							<conditions>
								<condition number="0" type="switch" coverage="0%"/>
							</conditions>
						</line>
						<line number="421" hits="0" branch="false"/>
						<line number="422" hits="0" branch="true" condition-coverage="0% (0/2)">
							<conditions>
								<condition number="0" type="jump" coverage="0%"/>
							</conditions>
						</line>
						<line number="423" hits="0" branch="false"/>
						<line number="425" hits="0" branch="false"/>
						<line number="427" hits="0" branch="false"/>
						<line number="430" hits="0" branch="false"/>
						<line number="432" hits="0" branch="false"/>
						<line number="433" hits="0" branch="true" condition-coverage="0% (0/2)">
							<conditions>
								<condition number="0" type="jump" coverage="0%"/>
							</conditions>
						</line>
						<line number="434" hits="0" branch="false"/>
						<line number="438" hits="0" branch="false"/>
						<line number="444" hits="0" branch="false"/>
						<line number="445" hits="0" branch="true" condition-coverage="0% (0/2)">
							<conditions>
								<condition number="0" type="jump" coverage="0%"/>
							</conditions>
						</line>
						<line number="446" hits="0" branch="true" condition-coverage="0% (0/6)">
							<conditions>
								<condition number="0" type="switch" coverage="0%"/>
							</conditions>
						</line>
						<line number="448" hits="0" branch="false"/>
						<line number="449" hits="0" branch="true" condition-coverage="0% (0/2)">
							<conditions>
								<condition number="0" type="jump" coverage="0%"/>
							</conditions>
						</line>
						<line number="450" hits="0" branch="false"/>
						<line number="452" hits="0" branch="false"/>
						<line number="455" hits="0" branch="false"/>
						<line number="457" hits="0" branch="false"/>
						<line number="460" hits="0" branch="false"/>
						<line number="462" hits="0" branch="false"/>
						<line number="463" hits="0" branch="true" condition-coverage="0% (0/2)">
							<conditions>
								<condition number="0" type="jump" coverage="0%"/>
							</conditions>
						</line>
						<line number="464" hits="0" branch="false"/>
						<line number="468" hits="0" branch="false"/>
						<line number="473" hits="0" branch="true" condition-coverage="0% (0/2)">
							<conditions>
								<condition number="0" type="jump" coverage="0%"/>
							</conditions>
						</line>
						<line number="474" hits="0" branch="false"/>
						<line number="476" hits="0" branch="true" condition-coverage="0% (0/2)">
							<conditions>
								<condition number="0" type="jump" coverage="0%"/>
							</conditions>
						</line>
						<line number="477" hits="0" branch="false"/>
						<line number="479" hits="0" branch="false"/>
						<line number="484" hits="0" branch="true" condition-coverage="0% (0/2)">
							<conditions>
								<condition number="0" type="jump" coverage="0%"/>
							</conditions>
						</line>
						<line number="485" hits="0" branch="false"/>
						<line number="487" hits="0" branch="true" condition-coverage="0% (0/2)">
							<conditions>
								<condition number="0" type="jump" coverage="0%"/>
							</conditions>
						</line>
						<line number="488" hits="0" branch="false"/>
						<line number="490" hits="0" branch="true" condition-coverage="0% (0/6)">
							<conditions>
								<condition number="0" type="jump" coverage="0%"/>
								<condition number="1" type="jump" coverage="0%"/>
								<condition number="2" type="jump" coverage="0%"/>
							</conditions>
						</line>
						<line number="491" hits="0" branch="false"/>
						<line number="493" hits="0" branch="false"/>
						<line number="509" hits="0" branch="false"/>
						<line number="510" hits="0" branch="false"/>
						<line number="511" hits="0" branch="false"/>
						<line number="512" hits="0" branch="false"/>
						<line number="513" hits="0" branch="false"/>
						<line number="528" hits="0" branch="false"/>
						<line number="537" hits="0" branch="false"/>
						<line number="538" hits="0" branch="true" condition-coverage="0% (0/2)">
							<conditions>
								<condition number="0" type="jump" coverage="0%"/>
							</conditions>
						</line>
						<line number="539" hits="0" branch="false"/>
						<line number="541" hits="0" branch="false"/>
						<line number="542" hits="0" branch="false"/>
						<line number="551" hits="0" branch="false"/>
						<line number="552" hits="0" branch="false"/>
						<line number="560" hits="0" branch="false"/>
						<line number="561" hits="0" branch="false"/>
						<line number="565" hits="0" branch="false"/>
						<line number="567" hits="0" branch="false"/>
						<line number="577" hits="0" branch="false"/>
						<line number="578" hits="0" branch="false"/>
						<line number="582" hits="0" branch="false"/>
						<line number="584" hits="0" branch="false"/>
						<line number="593" hits="0" branch="false"/>
						<line number="598" hits="0" branch="false"/>
						<line number="599" hits="0" branch="true" condition-coverage="0% (0/2)">
							<conditions>
								<condition number="0" type="jump" coverage="0%"/>
							</conditions>
						</line>
						<line number="600" hits="0" branch="false"/>
						<line number="602" hits="0" branch="true" condition-coverage="0% (0/2)">
							<conditions>
								<condition number="0" type="jump" coverage="0%"/>
							</conditions>
						</line>
						<line number="603" hits="0" branch="false"/>
						<line number="605" hits="0" branch="false"/>
						<line number="610" hits="0" branch="false"/>
						<line number="611" hits="0" branch="true" condition-coverage="0% (0/2)">
							<conditions>
								<condition number="0" type="jump" coverage="0%"/>
							</conditions>
						</line>
						<line number="612" hits="0" branch="false"/>
						<line number="614" hits="0" branch="true" condition-coverage="0% (0/2)">
							<conditions>
								<condition number="0" type="jump" coverage="0%"/>
							</conditions>
						</line>
						<line number="615" hits="0" branch="false"/>
						<line number="617" hits="0" branch="false"/>
						<line number="622" hits="0" branch="true" condition-coverage="0% (0/2)">
							<conditions>
								<condition number="0" type="jump" coverage="0%"/>
							</conditions>
						</line>
						<line number="623" hits="0" branch="false"/>
						<line number="625" hits="0" branch="false"/>
						<line number="626" hits="0" branch="true" condition-coverage="0% (0/2)">
							<conditions>
								<condition number="0" type="jump" coverage="0%"/>
							</conditions>
						</line>
						<line number="627" hits="0" branch="false"/>
						<line number="629" hits="0" branch="false"/>
						<line number="630" hits="0" branch="false"/>
						<line number="633" hits="0" branch="false"/>
						<line number="634" hits="0" branch="false"/>
						<line number="641" hits="0" branch="true" condition-coverage="0% (0/2)">
							<conditions>
								<condition number="0" type="jump" coverage="0%"/>
							</conditions>
						</line>
						<line number="642" hits="0" branch="false"/>
						<line number="643" hits="0" branch="true" condition-coverage="0% (0/4)">
							<conditions>
								<condition number="0" type="jump" coverage="0%"/>
								<condition number="1" type="jump" coverage="0%"/>
							</conditions>
						</line>
						<line number="645" hits="0" branch="false"/>
						<line number="647" hits="0" branch="false"/>
						<line number="649" hits="0" branch="false"/>
						<line number="650" hits="0" branch="false"/>
						<line number="656" hits="0" branch="false"/>
						<line number="664" hits="0" branch="false"/>
						<line number="665" hits="0" branch="false"/>
						<line number="672" hits="0" branch="false"/>
						<line number="676" hits="0" branch="false"/>
						<line number="677" hits="0" branch="false"/>
						<line number="680" hits="0" branch="false"/>
						<line number="681" hits="0" branch="false"/>
						<line number="682" hits="0" branch="false"/>
						<line number="683" hits="0" branch="false"/>
						<line number="693" hits="0" branch="false"/>
						<line number="694" hits="0" branch="true" condition-coverage="0% (0/2)">
							<conditions>
								<condition number="0" type="jump" coverage="0%"/>
							</conditions>
						</line>
						<line number="695" hits="0" branch="false"/>
						<line number="697" hits="0" branch="true" condition-coverage="0% (0/2)">
							<conditions>
								<condition number="0" type="jump" coverage="0%"/>
							</conditions>
						</line>
						<line number="698" hits="0" branch="false"/>
						<line number="700" hits="0" branch="false"/>
						<line number="704" hits="0" branch="false"/>
						<line number="709" hits="0" branch="false"/>
						<line number="714" hits="0" branch="false"/>
						<line number="718" hits="0" branch="false"/>
						<line number="722" hits="0" branch="false"/>
						<line number="723" hits="0" branch="false"/>
						<line number="726" hits="0" branch="false"/>
						<line number="730" hits="0" branch="false"/>
						<line number="731" hits="0" branch="true" condition-coverage="0% (0/2)">
							<conditions>
								<condition number="0" type="jump" coverage="0%"/>
							</conditions>
						</line>
						<line number="732" hits="0" branch="false"/>
						<line number="734" hits="0" branch="false"/>
						<line number="739" hits="0" branch="false"/>
						<line number="740" hits="0" branch="false"/>
						<line number="741" hits="0" branch="false"/>
					</lines>
				</class>
			</classes>
		</package>
	</packages>
</coverage>
