<?xml version="1.0"?>
<!DOCTYPE coverage SYSTEM "http://cobertura.sourceforge.net/xml/coverage-04.dtd">

<coverage line-rate="0.7352941176470589" branch-rate="0.6111111111111112" lines-covered="50" lines-valid="68" branches-covered="11" branches-valid="18" complexity="1.6363636363636365" version="2.0.3" timestamp="1652291610783">
	<sources>
		<source>src/java</source>
	</sources>
	<packages>
		<package name="org.apache.commons.math.stat.regression" line-rate="0.7352941176470589" branch-rate="0.6111111111111112" complexity="1.6363636363636365">
			<classes>
				<class name="org.apache.commons.math.stat.regression.SimpleRegression" filename="org/apache/commons/math/stat/regression/SimpleRegression.java" line-rate="0.7352941176470589" branch-rate="0.6111111111111112" complexity="1.6363636363636365">
					<methods>
						<method name="&lt;init&gt;" signature="()V" line-rate="1.0" branch-rate="1.0">
							<lines>
								<line number="60" hits="2" branch="false"/>
								<line number="63" hits="2" branch="false"/>
								<line number="66" hits="2" branch="false"/>
								<line number="69" hits="2" branch="false"/>
								<line number="72" hits="2" branch="false"/>
								<line number="75" hits="2" branch="false"/>
								<line number="78" hits="2" branch="false"/>
								<line number="81" hits="2" branch="false"/>
								<line number="89" hits="2" branch="false"/>
								<line number="90" hits="2" branch="false"/>
							</lines>
						</method>
						<method name="addData" signature="(DD)V" line-rate="1.0" branch-rate="1.0">
							<lines>
								<line number="106" hits="5" branch="true" condition-coverage="100% (2/2)">
									<conditions>
										<condition number="0" type="jump" coverage="100%"/>
									</conditions>
								</line>
								<line number="107" hits="2" branch="false"/>
								<line number="108" hits="2" branch="false"/>
								<line number="110" hits="3" branch="false"/>
								<line number="111" hits="3" branch="false"/>
								<line number="112" hits="3" branch="false"/>
								<line number="113" hits="3" branch="false"/>
								<line number="114" hits="3" branch="false"/>
								<line number="115" hits="3" branch="false"/>
								<line number="116" hits="3" branch="false"/>
								<line number="118" hits="5" branch="false"/>
								<line number="119" hits="5" branch="false"/>
								<line number="120" hits="5" branch="false"/>
								<line number="121" hits="5" branch="false"/>
							</lines>
						</method>
						<method name="addData" signature="([[D)V" line-rate="0.0" branch-rate="0.0">
							<lines>
								<line number="140" hits="0" branch="true" condition-coverage="0% (0/2)">
									<conditions>
										<condition number="0" type="jump" coverage="0%"/>
									</conditions>
								</line>
								<line number="141" hits="0" branch="false"/>
								<line number="143" hits="0" branch="false"/>
							</lines>
						</method>
						<method name="clear" signature="()V" line-rate="0.0" branch-rate="1.0">
							<lines>
								<line number="149" hits="0" branch="false"/>
								<line number="150" hits="0" branch="false"/>
								<line number="151" hits="0" branch="false"/>
								<line number="152" hits="0" branch="false"/>
								<line number="153" hits="0" branch="false"/>
								<line number="154" hits="0" branch="false"/>
								<line number="155" hits="0" branch="false"/>
							</lines>
						</method>
						<method name="getIntercept" signature="()D" line-rate="1.0" branch-rate="1.0">
							<lines>
								<line number="205" hits="3" branch="false"/>
							</lines>
						</method>
						<method name="getIntercept" signature="(D)D" line-rate="1.0" branch-rate="1.0">
							<lines>
								<line number="497" hits="6" branch="false"/>
							</lines>
						</method>
						<method name="getInterceptStdErr" signature="()D" line-rate="1.0" branch-rate="1.0">
							<lines>
								<line number="375" hits="4" branch="false"/>
							</lines>
						</method>
						<method name="getMeanSquareError" signature="()D" line-rate="1.0" branch-rate="1.0">
							<lines>
								<line number="315" hits="12" branch="true" condition-coverage="100% (2/2)">
									<conditions>
										<condition number="0" type="jump" coverage="100%"/>
									</conditions>
								</line>
								<line number="316" hits="9" branch="false"/>
								<line number="318" hits="3" branch="false"/>
							</lines>
						</method>
						<method name="getN" signature="()J" line-rate="0.0" branch-rate="1.0">
							<lines>
								<line number="163" hits="0" branch="false"/>
							</lines>
						</method>
						<method name="getR" signature="()D" line-rate="0.8" branch-rate="0.5">
							<lines>
								<line number="336" hits="3" branch="false"/>
								<line number="337" hits="3" branch="false"/>
								<line number="338" hits="3" branch="true" condition-coverage="50% (1/2)">
									<conditions>
										<condition number="0" type="jump" coverage="50%"/>
									</conditions>
								</line>
								<line number="339" hits="0" branch="false"/>
								<line number="341" hits="3" branch="false"/>
							</lines>
						</method>
						<method name="getRSquare" signature="()D" line-rate="1.0" branch-rate="1.0">
							<lines>
								<line number="359" hits="6" branch="false"/>
								<line number="360" hits="6" branch="false"/>
							</lines>
						</method>
						<method name="getRegressionSumSquares" signature="()D" line-rate="1.0" branch-rate="1.0">
							<lines>
								<line number="301" hits="3" branch="false"/>
							</lines>
						</method>
						<method name="getRegressionSumSquares" signature="(D)D" line-rate="1.0" branch-rate="1.0">
							<lines>
								<line number="507" hits="3" branch="false"/>
							</lines>
						</method>
						<method name="getSignificance" signature="()D" line-rate="0.0" branch-rate="1.0">
							<lines>
								<line number="482" hits="0" branch="false"/>
							</lines>
						</method>
						<method name="getSlope" signature="()D" line-rate="1.0" branch-rate="1.0">
							<lines>
								<line number="225" hits="15" branch="true" condition-coverage="100% (2/2)">
									<conditions>
										<condition number="0" type="jump" coverage="100%"/>
									</conditions>
								</line>
								<line number="226" hits="5" branch="false"/>
								<line number="228" hits="10" branch="true" condition-coverage="100% (2/2)">
									<conditions>
										<condition number="0" type="jump" coverage="100%"/>
									</conditions>
								</line>
								<line number="229" hits="5" branch="false"/>
								<line number="231" hits="5" branch="false"/>
							</lines>
						</method>
						<method name="getSlopeConfidenceInterval" signature="()D" line-rate="0.0" branch-rate="1.0">
							<lines>
								<line number="417" hits="0" branch="false"/>
							</lines>
						</method>
						<method name="getSlopeConfidenceInterval" signature="(D)D" line-rate="0.0" branch-rate="0.0">
							<lines>
								<line number="453" hits="0" branch="true" condition-coverage="0% (0/4)">
									<conditions>
										<condition number="0" type="jump" coverage="0%"/>
										<condition number="1" type="jump" coverage="0%"/>
									</conditions>
								</line>
								<line number="454" hits="0" branch="false"/>
								<line number="456" hits="0" branch="false"/>
							</lines>
						</method>
						<method name="getSlopeStdErr" signature="()D" line-rate="1.0" branch-rate="1.0">
							<lines>
								<line number="390" hits="4" branch="false"/>
							</lines>
						</method>
						<method name="getSumSquaredErrors" signature="()D" line-rate="1.0" branch-rate="1.0">
							<lines>
								<line number="264" hits="12" branch="false"/>
							</lines>
						</method>
						<method name="getTDistribution" signature="()Lorg/apache/commons/math/distribution/TDistribution;" line-rate="0.0" branch-rate="1.0">
							<lines>
								<line number="517" hits="0" branch="false"/>
							</lines>
						</method>
						<method name="getTotalSumSquares" signature="()D" line-rate="1.0" branch-rate="1.0">
							<lines>
								<line number="278" hits="9" branch="true" condition-coverage="100% (2/2)">
									<conditions>
										<condition number="0" type="jump" coverage="100%"/>
									</conditions>
								</line>
								<line number="279" hits="3" branch="false"/>
								<line number="281" hits="6" branch="false"/>
							</lines>
						</method>
						<method name="predict" signature="(D)D" line-rate="1.0" branch-rate="1.0">
							<lines>
								<line number="184" hits="3" branch="false"/>
								<line number="185" hits="3" branch="false"/>
							</lines>
						</method>
					</methods>
					<lines>
						<line number="60" hits="2" branch="false"/>
						<line number="63" hits="2" branch="false"/>
						<line number="66" hits="2" branch="false"/>
						<line number="69" hits="2" branch="false"/>
						<line number="72" hits="2" branch="false"/>
						<line number="75" hits="2" branch="false"/>
						<line number="78" hits="2" branch="false"/>
						<line number="81" hits="2" branch="false"/>
						<line number="89" hits="2" branch="false"/>
						<line number="90" hits="2" branch="false"/>
						<line number="106" hits="5" branch="true" condition-coverage="100% (2/2)">
							<conditions>
								<condition number="0" type="jump" coverage="100%"/>
							</conditions>
						</line>
						<line number="107" hits="2" branch="false"/>
						<line number="108" hits="2" branch="false"/>
						<line number="110" hits="3" branch="false"/>
						<line number="111" hits="3" branch="false"/>
						<line number="112" hits="3" branch="false"/>
						<line number="113" hits="3" branch="false"/>
						<line number="114" hits="3" branch="false"/>
						<line number="115" hits="3" branch="false"/>
						<line number="116" hits="3" branch="false"/>
						<line number="118" hits="5" branch="false"/>
						<line number="119" hits="5" branch="false"/>
						<line number="120" hits="5" branch="false"/>
						<line number="121" hits="5" branch="false"/>
						<line number="140" hits="0" branch="true" condition-coverage="0% (0/2)">
							<conditions>
								<condition number="0" type="jump" coverage="0%"/>
							</conditions>
						</line>
						<line number="141" hits="0" branch="false"/>
						<line number="143" hits="0" branch="false"/>
						<line number="149" hits="0" branch="false"/>
						<line number="150" hits="0" branch="false"/>
						<line number="151" hits="0" branch="false"/>
						<line number="152" hits="0" branch="false"/>
						<line number="153" hits="0" branch="false"/>
						<line number="154" hits="0" branch="false"/>
						<line number="155" hits="0" branch="false"/>
						<line number="163" hits="0" branch="false"/>
						<line number="184" hits="3" branch="false"/>
						<line number="185" hits="3" branch="false"/>
						<line number="205" hits="3" branch="false"/>
						<line number="225" hits="15" branch="true" condition-coverage="100% (2/2)">
							<conditions>
								<condition number="0" type="jump" coverage="100%"/>
							</conditions>
						</line>
						<line number="226" hits="5" branch="false"/>
						<line number="228" hits="10" branch="true" condition-coverage="100% (2/2)">
							<conditions>
								<condition number="0" type="jump" coverage="100%"/>
							</conditions>
						</line>
						<line number="229" hits="5" branch="false"/>
						<line number="231" hits="5" branch="false"/>
						<line number="264" hits="12" branch="false"/>
						<line number="278" hits="9" branch="true" condition-coverage="100% (2/2)">
							<conditions>
								<condition number="0" type="jump" coverage="100%"/>
							</conditions>
						</line>
						<line number="279" hits="3" branch="false"/>
						<line number="281" hits="6" branch="false"/>
						<line number="301" hits="3" branch="false"/>
						<line number="315" hits="12" branch="true" condition-coverage="100% (2/2)">
							<conditions>
								<condition number="0" type="jump" coverage="100%"/>
							</conditions>
						</line>
						<line number="316" hits="9" branch="false"/>
						<line number="318" hits="3" branch="false"/>
						<line number="336" hits="3" branch="false"/>
						<line number="337" hits="3" branch="false"/>
						<line number="338" hits="3" branch="true" condition-coverage="50% (1/2)">
							<conditions>
								<condition number="0" type="jump" coverage="50%"/>
							</conditions>
						</line>
						<line number="339" hits="0" branch="false"/>
						<line number="341" hits="3" branch="false"/>
						<line number="359" hits="6" branch="false"/>
						<line number="360" hits="6" branch="false"/>
						<line number="375" hits="4" branch="false"/>
						<line number="390" hits="4" branch="false"/>
						<line number="417" hits="0" branch="false"/>
						<line number="453" hits="0" branch="true" condition-coverage="0% (0/4)">
							<conditions>
								<condition number="0" type="jump" coverage="0%"/>
								<condition number="1" type="jump" coverage="0%"/>
							</conditions>
						</line>
						<line number="454" hits="0" branch="false"/>
						<line number="456" hits="0" branch="false"/>
						<line number="482" hits="0" branch="false"/>
						<line number="497" hits="6" branch="false"/>
						<line number="507" hits="3" branch="false"/>
						<line number="517" hits="0" branch="false"/>
					</lines>
				</class>
			</classes>
		</package>
	</packages>
</coverage>
